TN:
SF:build/dev/javascript/aarondb_edge/aarondb_edge/engine.mjs
FNF:17
FNH:17
DA:1,59
DA:2,57
DA:3,59
DA:4,63
DA:5,65
DA:6,61
DA:7,63
DA:8,50
DA:9,52
DA:10,55
DA:11,71
DA:12,59
DA:13,66
DA:14,63
DA:16,15
DA:17,34
DA:18,23
DA:19,37
DA:20,33
DA:21,40
DA:22,22
DA:23,35
DA:24,40
DA:25,20
DA:26,18
DA:27,11
DA:28,15
DA:32,37
DA:33,10
DA:34,11
DA:35,10
DA:36,18
DA:37,19
DA:38,18
DA:39,37
DA:40,37
DA:41,13
DA:42,31
DA:43,33
DA:44,23
DA:45,36
DA:46,25
DA:47,23
DA:48,46
DA:49,15
DA:50,5
DA:51,6
DA:52,1
DA:53,8
DA:54,15
DA:55,30
DA:57,13
DA:58,23
DA:59,36
DA:60,23
DA:61,74
DA:62,15
DA:63,32
DA:66,37
DA:67,21
DA:68,60
DA:69,11
DA:70,66
DA:72,22
DA:73,15
DA:74,34
DA:75,29
DA:76,70
DA:77,11
DA:78,22
DA:80,26
DA:81,15
DA:82,23
DA:83,25
DA:84,6
DA:85,17
DA:86,39
DA:87,34
DA:88,45
DA:89,13
DA:90,8
DA:93,4
DA:94,25
DA:95,9
DA:96,13
DA:97,17
DA:98,47
DA:99,42
DA:101,4
DA:102,39
DA:103,27
DA:104,8
DA:105,15
DA:106,11
DA:107,17
DA:108,33
DA:110,4
DA:111,26
DA:112,8
DA:113,15
DA:114,15
DA:115,14
DA:116,24
DA:117,23
DA:118,17
DA:119,35
DA:120,24
DA:121,62
DA:122,13
DA:123,23
DA:125,28
DA:126,17
DA:127,35
DA:128,24
DA:129,51
DA:130,13
DA:131,28
DA:133,30
DA:134,27
DA:136,4
DA:137,25
DA:138,26
DA:141,10
DA:142,20
DA:143,35
DA:144,23
DA:145,23
DA:146,60
DA:147,42
DA:148,23
DA:149,23
DA:150,61
DA:151,41
DA:152,23
DA:153,23
DA:154,36
DA:155,37
DA:156,53
DA:157,22
DA:158,23
DA:159,49
DA:160,15
DA:161,12
DA:163,41
DA:164,23
DA:165,23
DA:166,36
DA:167,37
DA:168,53
DA:169,22
DA:170,23
DA:171,49
DA:172,15
DA:173,12
DA:175,42
DA:176,23
DA:177,23
DA:178,63
DA:179,13
DA:180,23
DA:181,23
DA:182,63
DA:187,37
DA:188,41
DA:189,27
DA:190,54
DA:191,47
DA:192,27
DA:193,60
DA:194,16
DA:195,14
DA:196,19
DA:197,17
DA:198,37
DA:199,29
DA:200,13
DA:201,26
DA:203,45
DA:204,25
DA:205,39
DA:206,22
DA:207,13
DA:208,32
DA:209,13
DA:210,29
DA:212,43
DA:213,26
DA:214,26
DA:215,15
DA:216,37
DA:217,23
DA:218,15
DA:219,13
DA:220,20
DA:222,26
DA:223,17
DA:224,41
DA:225,55
DA:226,23
DA:227,61
DA:228,11
DA:229,33
DA:233,17
DA:234,28
DA:235,30
DA:236,21
DA:237,21
DA:238,36
DA:239,13
DA:240,9
DA:242,34
DA:243,9
DA:244,11
DA:245,10
DA:249,26
DA:250,47
DA:251,36
DA:252,19
DA:253,17
DA:254,28
DA:255,22
DA:256,17
DA:257,22
DA:258,22
DA:259,27
DA:260,46
DA:261,24
DA:262,47
DA:263,53
DA:264,24
DA:265,47
DA:266,54
DA:267,27
DA:268,26
DA:269,24
DA:270,9
DA:271,19
DA:272,19
DA:273,39
DA:274,57
DA:275,27
DA:276,21
DA:277,41
DA:278,61
DA:279,29
DA:280,46
DA:281,39
DA:282,10
DA:283,17
DA:284,42
DA:285,20
DA:286,48
DA:287,10
DA:288,19
DA:289,20
DA:293,8
DA:294,30
DA:295,13
DA:296,20
DA:297,10
DA:298,28
DA:299,29
DA:300,21
DA:301,22
DA:302,32
DA:303,33
DA:304,66
DA:305,21
DA:306,25
DA:307,25
DA:308,29
DA:309,18
DA:310,43
DA:311,54
DA:312,1
DA:314,8
DA:315,24
DA:316,21
DA:317,28
DA:318,25
DA:319,34
DA:322,4
DA:323,11
DA:324,12
DA:325,14
DA:326,15
DA:327,13
DA:328,26
DA:329,28
DA:330,30
DA:331,30
DA:332,20
DA:333,5
DA:334,17
DA:335,19
DA:336,37
DA:337,57
DA:338,27
DA:339,19
DA:340,39
DA:341,59
DA:342,27
DA:343,44
DA:344,37
DA:345,10
DA:346,15
DA:347,40
DA:348,20
DA:349,35
DA:350,0
DA:351,17
DA:352,20
DA:356,4
DA:357,11
DA:358,18
DA:360,22
DA:361,15
DA:362,24
DA:363,28
DA:364,18
DA:365,35
DA:366,11
DA:367,22
DA:369,24
DA:370,15
DA:371,23
DA:372,28
DA:373,18
DA:374,35
DA:375,11
DA:376,22
DA:378,24
DA:379,36
DA:380,11
DA:381,23
DA:382,28
DA:383,3
DA:384,31
DA:385,10
DA:386,10
DA:387,3
DA:388,3
DA:389,4
DA:390,10
DA:391,12
DA:392,3
DA:393,5
DA:394,1
LF:348
LH:347
end_of_record
TN:
SF:build/dev/javascript/aarondb_edge/aarondb_edge/fact.mjs
FNF:140
FNH:139
DA:1,31
DA:2,59
DA:3,61
DA:4,57
DA:5,59
DA:6,63
DA:7,61
DA:8,63
DA:9,79
DA:10,42
DA:14,28
DA:15,143
DA:25,37
DA:27,47
DA:29,43
DA:30,10
DA:31,12
DA:32,16
DA:34,1
DA:35,56
DA:36,70
DA:37,53
DA:39,41
DA:40,10
DA:41,12
DA:42,16
DA:44,1
DA:45,47
DA:46,61
DA:47,46
DA:49,38
DA:50,10
DA:51,12
DA:52,16
DA:54,1
DA:55,41
DA:56,55
DA:57,43
DA:59,38
DA:60,10
DA:61,12
DA:62,16
DA:64,1
DA:65,43
DA:66,57
DA:67,45
DA:69,38
DA:70,10
DA:71,12
DA:72,16
DA:74,1
DA:75,43
DA:76,57
DA:77,45
DA:79,40
DA:80,10
DA:81,12
DA:82,16
DA:84,1
DA:85,47
DA:86,61
DA:87,47
DA:89,39
DA:90,10
DA:91,12
DA:92,16
DA:94,1
DA:95,45
DA:96,59
DA:97,46
DA:99,39
DA:100,10
DA:101,12
DA:102,16
DA:104,1
DA:105,45
DA:106,59
DA:107,46
DA:109,38
DA:110,10
DA:111,12
DA:112,16
DA:114,1
DA:115,43
DA:116,57
DA:117,45
DA:119,38
DA:120,10
DA:121,12
DA:122,16
DA:124,1
DA:125,43
DA:126,57
DA:127,45
DA:129,38
DA:130,10
DA:131,12
DA:132,16
DA:134,1
DA:135,43
DA:136,57
DA:137,45
DA:139,39
DA:140,10
DA:141,12
DA:142,16
DA:144,1
DA:145,45
DA:146,59
DA:147,46
DA:149,42
DA:150,47
DA:151,67
DA:153,43
DA:154,49
DA:155,69
DA:157,39
DA:158,41
DA:159,61
DA:161,46
DA:162,55
DA:163,75
DA:165,39
DA:166,10
DA:167,12
DA:168,16
DA:170,1
DA:171,49
DA:172,63
DA:173,50
DA:175,39
DA:176,43
DA:177,63
DA:179,40
DA:180,45
DA:181,65
DA:183,39
DA:184,45
DA:185,65
DA:187,44
DA:188,55
DA:189,75
DA:191,42
DA:192,49
DA:193,69
DA:195,40
DA:196,45
DA:197,65
DA:199,50
DA:200,68
DA:201,56
DA:202,32
DA:204,38
DA:205,10
DA:206,12
DA:207,16
DA:209,1
DA:210,52
DA:211,66
DA:212,54
DA:214,45
DA:215,58
DA:216,78
DA:218,50
DA:219,97
DA:220,12
DA:221,25
DA:222,31
DA:223,31
DA:224,35
DA:225,23
DA:226,43
DA:227,25
DA:228,21
DA:229,28
DA:231,1
DA:232,140
DA:233,28
DA:234,11
DA:235,11
DA:236,13
DA:237,7
DA:238,17
DA:239,8
DA:240,6
DA:241,10
DA:242,58
DA:243,33
DA:244,76
DA:245,71
DA:246,66
DA:247,16
DA:248,74
DA:249,66
DA:250,16
DA:251,74
DA:252,68
DA:253,18
DA:254,76
DA:255,74
DA:256,70
DA:257,72
DA:258,22
DA:259,58
DA:260,22
DA:261,76
DA:262,71
DA:263,72
DA:264,69
DA:265,65
DA:266,15
DA:267,73
DA:269,40
DA:270,69
DA:271,12
DA:272,25
DA:273,31
DA:274,23
DA:275,17
DA:276,29
DA:277,33
DA:278,30
DA:280,1
DA:281,92
DA:282,73
DA:283,61
DA:284,56
DA:285,51
DA:286,62
DA:287,54
DA:288,54
DA:289,50
DA:290,48
DA:291,47
DA:292,60
DA:293,53
DA:294,64
DA:295,55
DA:296,62
DA:297,54
DA:299,12
DA:300,26
DA:303,17
DA:304,48
DA:305,19
DA:306,19
DA:307,30
DA:308,54
DA:309,19
DA:310,19
DA:311,27
DA:312,58
DA:313,19
DA:314,19
DA:315,29
DA:316,11
DA:317,53
DA:321,13
DA:322,33
DA:325,15
DA:326,43
DA:329,13
DA:330,24
DA:333,14
DA:334,8
DA:335,13
DA:336,9
DA:339,13
DA:340,19
DA:343,60
DA:344,71
DA:347,12
DA:348,26
DA:349,17
DA:350,38
DA:351,25
DA:352,62
DA:353,1
DA:354,32
DA:355,17
DA:356,45
DA:357,34
DA:358,17
DA:359,47
DA:360,33
DA:361,17
DA:362,25
DA:363,8
DA:364,15
DA:365,17
DA:366,8
DA:367,17
DA:368,10
DA:370,5
DA:371,2
DA:372,33
DA:373,17
DA:374,19
DA:375,3
DA:376,15
DA:377,22
DA:378,61
DA:380,6
DA:381,25
DA:382,65
DA:383,1
DA:384,32
DA:385,19
DA:386,19
DA:387,5
DA:388,15
DA:389,22
DA:390,25
DA:391,55
DA:392,1
DA:394,6
DA:395,25
DA:396,67
DA:397,1
DA:398,32
DA:399,21
DA:400,46
DA:401,32
DA:402,17
DA:403,19
DA:404,3
DA:405,15
DA:406,26
DA:407,47
DA:408,25
DA:409,16
DA:410,12
DA:411,62
DA:412,15
DA:413,25
DA:414,2
DA:415,1
DA:417,6
DA:418,25
DA:419,63
DA:420,1
DA:421,11
DA:422,19
DA:423,25
DA:424,66
DA:425,2
DA:429,12
DA:430,19
DA:431,11
DA:432,14
DA:433,13
DA:434,23
DA:435,30
DA:436,13
DA:437,11
DA:438,15
DA:440,21
DA:441,39
DA:442,51
DA:443,25
DA:444,12
DA:445,18
DA:446,31
DA:447,41
DA:448,7
DA:449,11
DA:450,18
DA:451,12
DA:452,31
DA:453,37
DA:454,36
DA:455,7
DA:456,8
DA:457,2
DA:458,1
DA:461,15
DA:462,8
DA:463,11
DA:464,49
DA:465,40
DA:466,38
DA:467,11
DA:468,16
DA:469,14
DA:470,10
DA:471,21
DA:472,5
DA:473,14
DA:474,55
DA:475,7
DA:476,18
DA:477,18
DA:478,16
DA:479,26
DA:480,21
DA:481,1
DA:482,3
DA:484,16
DA:487,35
DA:488,17
DA:489,25
DA:490,23
DA:491,23
DA:492,21
DA:493,26
DA:494,13
DA:495,4
DA:496,22
DA:497,57
DA:498,9
DA:499,56
DA:500,43
DA:501,25
DA:502,27
DA:503,37
DA:504,15
DA:505,33
DA:508,1
DA:511,12
DA:512,22
DA:515,35
DA:516,17
DA:517,25
DA:518,23
DA:519,23
DA:520,21
DA:521,26
DA:522,13
DA:523,32
DA:524,65
DA:525,43
DA:526,40
DA:527,19
DA:528,20
DA:529,22
DA:530,23
DA:531,46
DA:532,32
DA:533,26
DA:534,43
DA:535,34
DA:536,31
DA:537,32
DA:538,29
DA:539,31
DA:540,49
DA:541,19
DA:542,35
DA:544,17
DA:545,33
DA:547,15
DA:548,33
DA:551,1
DA:554,15
DA:555,27
DA:556,32
DA:557,32
DA:558,63
DA:559,43
DA:560,38
DA:561,14
DA:562,17
DA:563,17
DA:564,20
DA:565,41
DA:566,32
DA:567,26
DA:568,35
DA:569,17
DA:570,27
DA:572,15
DA:573,27
DA:575,38
DA:576,32
DA:577,61
DA:578,43
DA:579,33
DA:580,15
DA:581,27
DA:583,38
DA:584,4
DA:585,22
DA:586,57
DA:587,9
DA:588,56
DA:589,43
DA:590,35
DA:591,15
DA:592,27
DA:594,38
DA:595,32
DA:596,31
DA:597,43
DA:598,40
DA:599,15
DA:600,27
DA:602,38
DA:603,32
DA:604,63
DA:605,43
DA:606,56
DA:607,31
DA:608,26
DA:609,29
DA:610,49
DA:611,17
DA:612,27
DA:614,15
DA:615,27
DA:617,38
DA:618,32
DA:619,63
DA:620,43
DA:621,55
DA:622,31
DA:623,26
DA:624,29
DA:625,48
DA:626,17
DA:627,27
DA:629,15
DA:630,27
DA:632,38
DA:633,32
DA:634,62
DA:635,43
DA:636,48
DA:637,15
DA:638,27
DA:640,38
DA:641,32
DA:642,63
DA:643,43
DA:644,57
DA:645,31
DA:646,26
DA:647,29
DA:648,33
DA:649,17
DA:650,27
DA:652,15
DA:653,27
DA:655,60
DA:656,61
DA:657,41
DA:658,36
DA:659,14
DA:660,15
DA:661,17
DA:662,18
DA:663,36
DA:664,13
DA:665,27
DA:667,11
DA:668,27
DA:672,35
DA:673,17
DA:674,25
DA:675,23
DA:676,23
DA:677,21
DA:678,26
DA:679,13
DA:680,35
DA:681,29
DA:682,26
DA:683,27
DA:684,25
DA:685,27
DA:686,39
DA:687,15
DA:688,33
DA:691,1
DA:694,15
DA:695,50
DA:696,60
DA:697,62
DA:698,39
DA:699,36
DA:700,15
DA:701,16
DA:702,18
DA:703,19
DA:704,42
DA:705,28
DA:706,23
DA:707,4
DA:708,24
DA:709,25
DA:710,26
DA:711,23
DA:712,9
DA:713,38
DA:714,65
DA:715,68
DA:716,68
DA:717,51
DA:718,19
DA:719,27
DA:720,28
DA:721,17
DA:722,37
DA:724,24
DA:725,42
DA:726,32
DA:727,29
DA:728,32
DA:729,14
DA:730,67
DA:731,1
DA:732,17
DA:733,27
DA:735,15
DA:736,27
DA:738,13
DA:739,27
DA:741,11
DA:742,27
LF:618
LH:618
end_of_record
TN:
SF:build/dev/javascript/aarondb_edge/aarondb_edge/index.mjs
FNF:21
FNH:21
DA:1,59
DA:2,59
DA:3,63
DA:4,50
DA:5,75
DA:7,11
DA:8,20
DA:11,11
DA:12,20
DA:15,11
DA:16,20
DA:19,23
DA:20,13
DA:21,48
DA:22,47
DA:23,22
DA:24,15
DA:25,26
DA:26,35
DA:27,61
DA:28,11
DA:29,50
DA:31,28
DA:32,55
DA:35,9
DA:36,27
DA:37,19
DA:38,8
DA:39,11
DA:40,18
DA:44,34
DA:45,13
DA:46,45
DA:47,33
DA:48,22
DA:49,15
DA:50,40
DA:51,40
DA:52,53
DA:53,28
DA:54,7
DA:55,52
DA:56,6
DA:57,42
DA:58,11
DA:59,25
DA:60,28
DA:61,7
DA:62,52
DA:63,6
DA:64,28
DA:65,7
DA:66,52
DA:67,6
DA:68,43
DA:69,65
DA:71,28
DA:72,53
DA:75,34
DA:76,13
DA:77,48
DA:78,33
DA:79,22
DA:80,15
DA:81,40
DA:82,40
DA:83,53
DA:84,28
DA:85,7
DA:86,53
DA:87,6
DA:88,42
DA:89,11
DA:90,25
DA:91,28
DA:92,7
DA:93,53
DA:94,6
DA:95,28
DA:96,7
DA:97,52
DA:98,6
DA:99,43
DA:100,65
DA:102,28
DA:103,56
DA:106,35
DA:107,39
DA:108,38
DA:109,20
DA:110,8
DA:111,64
DA:112,2
DA:115,30
DA:116,39
DA:117,38
DA:118,69
DA:121,27
DA:122,37
DA:123,38
DA:124,70
DA:127,22
DA:128,34
DA:129,37
DA:130,68
LF:105
LH:105
end_of_record
TN:
SF:build/dev/javascript/aarondb_edge/aarondb_edge/q.mjs
FNF:31
FNH:31
DA:1,59
DA:2,63
DA:3,65
DA:4,50
DA:5,55
DA:6,78
DA:7,65
DA:9,47
DA:10,53
DA:11,12
DA:12,21
DA:13,27
DA:14,29
DA:15,23
DA:16,25
DA:17,22
DA:19,1
DA:20,90
DA:21,64
DA:22,52
DA:23,30
DA:24,66
DA:25,63
DA:26,72
DA:27,66
DA:28,74
DA:29,67
DA:30,68
DA:31,64
DA:32,70
DA:33,65
DA:34,68
DA:35,64
DA:37,11
DA:38,24
DA:39,12
DA:40,12
DA:41,10
DA:42,10
DA:43,10
DA:44,8
DA:45,2
DA:48,18
DA:49,24
DA:50,12
DA:51,9
DA:52,10
DA:53,10
DA:54,10
DA:55,8
DA:56,2
DA:59,15
DA:60,24
DA:61,6
DA:62,12
DA:63,10
DA:64,10
DA:65,10
DA:66,8
DA:67,2
DA:70,14
DA:71,35
DA:74,14
DA:75,35
DA:78,15
DA:79,21
DA:82,14
DA:83,35
DA:86,39
DA:87,51
DA:88,24
DA:89,14
DA:90,49
DA:91,18
DA:92,15
DA:93,16
DA:94,13
DA:95,2
DA:98,39
DA:99,51
DA:100,24
DA:101,14
DA:102,49
DA:103,18
DA:104,15
DA:105,16
DA:106,13
DA:107,2
DA:110,40
DA:111,32
DA:112,6
DA:113,16
DA:114,17
DA:115,6
DA:116,4
DA:117,24
DA:118,14
DA:119,49
DA:120,18
DA:121,15
DA:122,16
DA:123,13
DA:124,2
DA:127,40
DA:128,79
DA:129,24
DA:130,14
DA:131,49
DA:132,18
DA:133,15
DA:134,16
DA:135,13
DA:136,2
DA:139,21
DA:140,24
DA:141,14
DA:142,17
DA:143,18
DA:144,13
DA:145,16
DA:146,13
DA:147,2
DA:150,21
DA:151,24
DA:152,14
DA:153,17
DA:154,18
DA:155,15
DA:156,13
DA:157,13
DA:158,2
DA:161,39
DA:162,24
DA:163,14
DA:164,17
DA:165,49
DA:166,15
DA:167,16
DA:168,13
DA:169,2
DA:172,25
DA:173,24
DA:174,14
DA:175,17
DA:176,18
DA:177,15
DA:178,16
DA:179,15
DA:180,2
DA:183,18
DA:184,22
DA:185,14
DA:186,17
DA:187,18
DA:188,15
DA:189,16
DA:190,13
DA:191,1
LF:158
LH:158
end_of_record
TN:
SF:build/dev/javascript/aarondb_edge/aarondb_edge/shared/ast.mjs
FNF:392
FNH:391
DA:1,28
DA:2,53
DA:3,60
DA:5,44
DA:6,50
DA:7,70
DA:9,39
DA:10,10
DA:11,12
DA:12,16
DA:14,1
DA:15,48
DA:16,62
DA:17,49
DA:19,41
DA:20,14
DA:21,12
DA:22,17
DA:23,16
DA:25,1
DA:26,60
DA:27,66
DA:28,51
DA:29,51
DA:31,41
DA:32,10
DA:33,12
DA:34,16
DA:36,1
DA:37,52
DA:38,66
DA:39,51
DA:41,48
DA:42,14
DA:43,12
DA:44,17
DA:45,16
DA:47,1
DA:48,74
DA:49,49
DA:50,31
DA:51,58
DA:52,58
DA:54,40
DA:55,51
DA:56,12
DA:57,21
DA:58,23
DA:59,29
DA:60,23
DA:61,25
DA:62,22
DA:64,1
DA:65,74
DA:66,55
DA:67,61
DA:68,52
DA:69,49
DA:70,54
DA:71,50
DA:72,60
DA:73,53
DA:74,54
DA:75,50
DA:76,56
DA:77,51
DA:78,54
DA:79,50
DA:81,42
DA:82,27
DA:83,12
DA:84,29
DA:85,30
DA:87,1
DA:88,54
DA:89,33
DA:90,67
DA:91,64
DA:92,57
DA:93,66
DA:94,58
DA:96,38
DA:97,10
DA:98,12
DA:99,16
DA:101,1
DA:102,42
DA:103,56
DA:104,44
DA:106,38
DA:107,10
DA:108,12
DA:109,16
DA:111,1
DA:112,42
DA:113,56
DA:114,44
DA:116,38
DA:117,10
DA:118,12
DA:119,16
DA:121,1
DA:122,42
DA:123,56
DA:124,44
DA:126,42
DA:127,10
DA:128,12
DA:129,16
DA:131,1
DA:132,50
DA:133,64
DA:134,48
DA:136,41
DA:137,10
DA:138,12
DA:139,16
DA:141,1
DA:142,48
DA:143,62
DA:144,47
DA:146,43
DA:147,10
DA:148,12
DA:149,16
DA:151,1
DA:152,58
DA:153,72
DA:154,55
DA:156,43
DA:157,10
DA:158,12
DA:159,16
DA:161,1
DA:162,58
DA:163,72
DA:164,55
DA:166,41
DA:167,10
DA:168,12
DA:169,16
DA:171,1
DA:172,54
DA:173,68
DA:174,53
DA:176,39
DA:177,14
DA:178,12
DA:179,17
DA:180,16
DA:182,1
DA:183,58
DA:184,64
DA:185,51
DA:186,51
DA:188,44
DA:189,38
DA:190,12
DA:191,29
DA:192,21
DA:193,25
DA:194,24
DA:196,1
DA:197,70
DA:198,46
DA:199,74
DA:200,69
DA:201,62
DA:202,61
DA:203,58
DA:204,65
DA:205,60
DA:206,65
DA:207,60
DA:209,47
DA:210,10
DA:211,12
DA:212,16
DA:214,1
DA:215,66
DA:216,50
DA:217,30
DA:218,59
DA:220,42
DA:221,10
DA:222,12
DA:223,16
DA:225,1
DA:226,56
DA:227,70
DA:228,54
DA:230,46
DA:231,10
DA:232,12
DA:233,16
DA:235,1
DA:236,64
DA:237,78
DA:238,58
DA:240,47
DA:241,10
DA:242,12
DA:243,16
DA:245,1
DA:246,66
DA:247,50
DA:248,30
DA:249,59
DA:251,48
DA:252,14
DA:253,12
DA:254,17
DA:255,16
DA:257,1
DA:258,76
DA:259,51
DA:260,31
DA:261,60
DA:262,60
DA:264,40
DA:265,10
DA:266,12
DA:267,16
DA:269,1
DA:270,52
DA:271,66
DA:272,52
DA:274,43
DA:275,10
DA:276,12
DA:277,16
DA:279,1
DA:280,58
DA:281,72
DA:282,55
DA:284,44
DA:285,25
DA:286,12
DA:287,29
DA:288,26
DA:290,1
DA:291,57
DA:292,33
DA:293,74
DA:294,69
DA:295,62
DA:296,67
DA:297,61
DA:299,43
DA:300,50
DA:301,12
DA:302,23
DA:303,21
DA:304,17
DA:305,29
DA:306,25
DA:307,26
DA:309,1
DA:310,81
DA:311,57
DA:312,72
DA:313,62
DA:314,58
DA:315,60
DA:316,57
DA:317,56
DA:318,55
DA:319,68
DA:320,61
DA:321,64
DA:322,59
DA:323,66
DA:324,60
DA:326,44
DA:327,35
DA:328,12
DA:329,21
DA:330,21
DA:331,23
DA:332,28
DA:334,1
DA:335,67
DA:336,43
DA:337,74
DA:338,61
DA:339,58
DA:340,61
DA:341,58
DA:342,63
DA:343,59
DA:344,69
DA:345,62
DA:347,46
DA:348,23
DA:349,12
DA:350,21
DA:351,30
DA:353,1
DA:354,57
DA:355,33
DA:356,78
DA:357,63
DA:358,60
DA:359,73
DA:360,65
DA:362,56
DA:363,35
DA:364,12
DA:365,21
DA:366,33
DA:367,30
DA:369,1
DA:370,79
DA:371,55
DA:372,59
DA:373,39
DA:374,73
DA:375,70
DA:376,68
DA:377,17
DA:378,76
DA:379,67
DA:380,16
DA:381,75
DA:383,62
DA:384,39
DA:385,12
DA:386,21
DA:387,33
DA:388,38
DA:390,1
DA:391,89
DA:392,65
DA:393,65
DA:394,45
DA:395,68
DA:396,11
DA:397,76
DA:398,74
DA:399,17
DA:400,65
DA:401,17
DA:402,77
DA:403,20
DA:404,65
DA:405,20
DA:407,50
DA:408,35
DA:409,12
DA:410,21
DA:411,33
DA:412,30
DA:414,1
DA:415,73
DA:416,49
DA:417,53
DA:418,33
DA:419,67
DA:420,64
DA:421,62
DA:422,17
DA:423,70
DA:424,77
DA:425,69
DA:427,54
DA:428,39
DA:429,12
DA:430,21
DA:431,33
DA:432,38
DA:434,1
DA:435,81
DA:436,57
DA:437,57
DA:438,37
DA:439,71
DA:440,68
DA:441,66
DA:442,17
DA:443,74
DA:444,69
DA:445,20
DA:446,77
DA:448,44
DA:449,28
DA:450,12
DA:451,21
DA:452,21
DA:453,28
DA:455,1
DA:456,60
DA:457,36
DA:458,74
DA:459,61
DA:460,58
DA:461,61
DA:462,58
DA:463,69
DA:464,62
DA:466,45
DA:467,35
DA:468,12
DA:469,29
DA:470,25
DA:471,30
DA:473,1
DA:474,68
DA:475,44
DA:476,76
DA:477,70
DA:478,63
DA:479,66
DA:480,61
DA:481,72
DA:482,64
DA:484,51
DA:485,35
DA:486,12
DA:487,29
DA:488,25
DA:489,30
DA:491,1
DA:492,74
DA:493,50
DA:494,54
DA:495,34
DA:496,76
DA:497,69
DA:498,72
DA:499,67
DA:500,78
DA:501,70
DA:503,46
DA:504,46
DA:505,12
DA:506,29
DA:507,33
DA:508,23
DA:509,30
DA:511,1
DA:512,80
DA:513,56
DA:514,78
DA:515,71
DA:516,64
DA:517,75
DA:518,66
DA:519,65
DA:520,61
DA:521,73
DA:522,65
DA:524,47
DA:525,53
DA:526,12
DA:527,21
DA:528,17
DA:529,21
DA:530,29
DA:531,29
DA:532,30
DA:534,1
DA:535,88
DA:536,64
DA:537,50
DA:538,30
DA:539,64
DA:540,61
DA:541,60
DA:542,59
DA:543,64
DA:544,61
DA:545,72
DA:546,65
DA:547,72
DA:548,65
DA:549,74
DA:550,66
DA:552,43
DA:553,55
DA:554,12
DA:555,33
DA:556,21
DA:557,29
DA:558,27
DA:559,32
DA:561,1
DA:562,86
DA:563,62
DA:564,72
DA:565,72
DA:566,63
DA:567,60
DA:568,57
DA:569,68
DA:570,61
DA:571,66
DA:572,60
DA:573,72
DA:574,63
DA:576,45
DA:577,24
DA:578,12
DA:579,29
DA:580,24
DA:582,1
DA:583,57
DA:584,33
DA:585,76
DA:586,70
DA:587,63
DA:588,66
DA:589,61
DA:591,42
DA:592,35
DA:593,12
DA:594,37
DA:595,21
DA:596,26
DA:598,1
DA:599,65
DA:600,41
DA:601,70
DA:602,75
DA:603,64
DA:604,59
DA:605,56
DA:606,65
DA:607,59
DA:609,39
DA:610,33
DA:611,12
DA:612,29
DA:613,25
DA:614,26
DA:616,1
DA:617,60
DA:618,36
DA:619,64
DA:620,64
DA:621,57
DA:622,60
DA:623,55
DA:624,62
DA:625,56
DA:627,44
DA:628,47
DA:629,12
DA:630,27
DA:631,27
DA:632,31
DA:633,32
DA:635,1
DA:636,79
DA:637,55
DA:638,74
DA:639,67
DA:640,61
DA:641,67
DA:642,61
DA:643,71
DA:644,63
DA:645,73
DA:646,64
DA:648,39
DA:649,39
DA:650,59
DA:652,41
DA:653,43
DA:654,63
DA:656,39
DA:657,39
DA:658,59
DA:660,39
DA:661,39
DA:662,59
DA:664,39
DA:665,39
DA:666,59
DA:668,42
DA:669,45
DA:670,65
DA:672,39
DA:673,46
DA:674,66
DA:676,40
DA:677,48
DA:678,68
DA:680,38
DA:681,42
DA:682,62
DA:684,41
DA:685,48
DA:686,68
DA:688,38
DA:689,40
DA:690,60
DA:692,41
DA:693,46
DA:694,66
DA:696,41
DA:697,46
DA:698,66
DA:700,42
DA:701,48
DA:702,68
DA:704,41
DA:705,46
DA:706,66
DA:708,41
DA:709,46
DA:710,66
DA:712,37
DA:713,14
DA:714,12
DA:715,17
DA:716,16
DA:718,1
DA:719,54
DA:720,60
DA:721,49
DA:722,49
DA:724,38
DA:725,14
DA:726,12
DA:727,17
DA:728,16
DA:730,1
DA:731,56
DA:732,62
DA:733,50
DA:734,50
DA:736,37
DA:737,14
DA:738,12
DA:739,17
DA:740,16
DA:742,1
DA:743,54
DA:744,60
DA:745,49
DA:746,49
DA:748,37
DA:749,14
DA:750,12
DA:751,17
DA:752,16
DA:754,1
DA:755,54
DA:756,60
DA:757,49
DA:758,49
DA:760,38
DA:761,14
DA:762,12
DA:763,17
DA:764,16
DA:766,1
DA:767,56
DA:768,62
DA:769,50
DA:770,50
DA:772,37
DA:773,14
DA:774,12
DA:775,17
DA:776,16
DA:778,1
DA:779,54
DA:780,60
DA:781,49
DA:782,49
DA:784,37
DA:785,10
DA:786,12
DA:787,16
DA:789,1
DA:790,40
DA:791,54
DA:792,43
DA:794,38
DA:795,10
DA:796,12
DA:797,16
DA:799,1
DA:800,42
DA:801,56
DA:802,44
DA:804,39
DA:805,18
DA:806,12
DA:807,21
DA:808,20
DA:810,1
DA:811,60
DA:812,58
DA:813,50
DA:814,47
DA:815,50
DA:816,47
DA:818,44
DA:819,12
DA:820,12
DA:821,20
DA:823,1
DA:824,64
DA:825,74
DA:826,61
DA:827,58
DA:829,47
DA:830,16
DA:831,12
DA:832,19
DA:833,18
DA:835,1
DA:836,78
DA:837,50
DA:838,30
DA:839,62
DA:840,60
DA:841,62
DA:842,60
DA:844,41
DA:845,12
DA:846,12
DA:847,20
DA:849,1
DA:850,58
DA:851,68
DA:852,58
DA:853,54
LF:730
LH:730
end_of_record
TN:
SF:build/dev/javascript/aarondb_edge/aarondb_edge/shared/query_types.mjs
FNF:46
FNH:46
DA:1,62
DA:2,66
DA:3,53
DA:4,58
DA:5,69
DA:6,60
DA:8,42
DA:9,10
DA:10,12
DA:11,16
DA:13,1
DA:14,56
DA:15,70
DA:16,54
DA:18,45
DA:19,10
DA:20,12
DA:21,16
DA:23,1
DA:24,62
DA:25,76
DA:26,57
DA:28,43
DA:29,10
DA:30,12
DA:31,16
DA:33,1
DA:34,58
DA:35,72
DA:36,55
DA:38,49
DA:39,10
DA:40,12
DA:41,16
DA:43,1
DA:44,70
DA:45,52
DA:46,32
DA:47,61
DA:49,48
DA:50,10
DA:51,12
DA:52,16
DA:54,1
DA:55,68
DA:56,51
DA:57,31
DA:58,60
DA:60,46
DA:61,46
DA:62,12
DA:63,21
DA:64,29
DA:65,56
DA:67,1
DA:68,81
DA:69,56
DA:70,50
DA:71,29
DA:72,64
DA:73,61
DA:74,72
DA:75,65
DA:76,71
DA:77,29
DA:78,50
DA:79,29
DA:81,48
DA:82,84
DA:83,12
DA:84,23
DA:85,33
DA:86,47
DA:87,33
DA:88,21
DA:89,29
DA:90,32
DA:92,1
DA:93,123
DA:94,25
DA:95,12
DA:96,19
DA:97,12
DA:98,6
DA:99,10
DA:100,12
DA:101,54
DA:102,31
DA:103,70
DA:104,66
DA:105,63
DA:106,17
DA:107,71
DA:108,70
DA:109,24
DA:110,78
DA:111,63
DA:112,17
DA:113,71
DA:114,68
DA:115,65
DA:116,76
DA:117,69
DA:118,63
DA:119,17
DA:120,70
LF:106
LH:106
end_of_record
TN:
SF:build/dev/javascript/aarondb_edge/aarondb_edge/shared/state.mjs
FNF:25
FNH:25
DA:1,62
DA:2,66
DA:3,53
DA:4,55
DA:5,58
DA:6,69
DA:7,68
DA:9,41
DA:10,18
DA:11,12
DA:12,32
DA:14,1
DA:15,66
DA:16,64
DA:17,66
DA:18,57
DA:20,42
DA:21,81
DA:22,12
DA:23,21
DA:24,21
DA:25,21
DA:26,31
DA:27,25
DA:28,37
DA:29,41
DA:30,24
DA:32,1
DA:33,108
DA:34,18
DA:35,6
DA:36,6
DA:37,11
DA:38,8
DA:39,14
DA:40,16
DA:41,8
DA:42,67
DA:43,56
DA:44,53
DA:45,56
DA:46,53
DA:47,56
DA:48,53
DA:49,66
DA:50,58
DA:51,60
DA:52,55
DA:53,72
DA:54,61
DA:55,76
DA:56,63
DA:57,60
DA:58,55
DA:60,11
DA:61,19
DA:62,20
DA:63,21
DA:64,22
DA:65,3
DA:66,14
DA:67,12
DA:68,14
DA:69,16
DA:70,1
LF:65
LH:65
end_of_record
TN:
SF:build/dev/javascript/aarondb_edge/aarondb_edge/storage/internal.mjs
FNF:75
FNH:74
DA:1,28
DA:2,53
DA:3,60
DA:5,39
DA:6,14
DA:7,12
DA:8,24
DA:10,1
DA:11,60
DA:12,66
DA:13,62
DA:14,57
DA:16,41
DA:17,26
DA:18,12
DA:19,23
DA:20,21
DA:21,22
DA:23,1
DA:24,57
DA:25,31
DA:26,70
DA:27,62
DA:28,58
DA:29,60
DA:30,57
DA:31,62
DA:32,58
DA:34,47
DA:35,48
DA:36,12
DA:37,31
DA:38,25
DA:39,25
DA:40,38
DA:42,1
DA:43,85
DA:44,59
DA:45,52
DA:46,30
DA:47,76
DA:48,68
DA:49,70
DA:50,65
DA:51,70
DA:52,65
DA:53,64
DA:54,20
DA:55,72
DA:57,39
DA:58,45
DA:59,65
DA:61,44
DA:62,55
DA:63,75
DA:65,39
DA:66,41
DA:67,61
DA:69,46
DA:70,55
DA:71,75
DA:73,39
DA:74,10
DA:75,12
DA:76,16
DA:78,1
DA:79,49
DA:80,63
DA:81,50
DA:83,42
DA:84,49
DA:85,69
DA:87,40
DA:88,45
DA:89,65
DA:91,41
DA:92,47
DA:93,67
DA:95,50
DA:96,68
DA:97,56
DA:98,32
DA:100,45
DA:101,58
DA:102,78
DA:104,46
DA:105,60
DA:106,52
DA:107,28
DA:109,40
DA:110,45
DA:111,65
DA:113,39
DA:114,43
DA:115,63
DA:117,50
DA:118,97
DA:119,12
DA:120,25
DA:121,31
DA:122,31
DA:123,35
DA:124,23
DA:125,43
DA:126,25
DA:127,21
DA:128,28
DA:130,1
DA:131,140
DA:132,28
DA:133,11
DA:134,11
DA:135,13
DA:136,7
DA:137,17
DA:138,8
DA:139,6
DA:140,10
DA:141,58
DA:142,33
DA:143,76
DA:144,71
DA:145,66
DA:146,16
DA:147,74
DA:148,66
DA:149,16
DA:150,74
DA:151,68
DA:152,18
DA:153,76
DA:154,74
DA:155,70
DA:156,72
DA:157,22
DA:158,58
DA:159,22
DA:160,76
DA:161,71
DA:162,72
DA:163,69
DA:164,65
DA:165,15
DA:166,72
LF:144
LH:144
end_of_record
TN:
SF:build/dev/javascript/aarondb_edge/aarondb_edge/transaction.mjs
FNF:13
FNH:13
DA:1,59
DA:2,50
DA:3,52
DA:4,59
DA:5,59
DA:6,57
DA:8,39
DA:9,43
DA:10,12
DA:11,25
DA:12,31
DA:13,23
DA:14,30
DA:16,1
DA:17,64
DA:18,46
DA:19,58
DA:20,54
DA:21,49
DA:22,60
DA:23,52
DA:24,52
DA:25,48
DA:26,60
DA:27,52
DA:29,18
DA:30,31
DA:31,19
DA:32,5
DA:33,31
DA:34,18
DA:35,13
DA:36,13
DA:37,13
DA:38,10
DA:39,18
DA:40,18
DA:41,18
DA:42,15
DA:43,28
DA:44,11
DA:45,14
DA:46,10
DA:47,7
DA:48,3
DA:49,12
DA:50,6
DA:51,34
DA:52,63
DA:53,63
DA:54,52
DA:55,47
DA:57,4
DA:58,15
DA:59,15
DA:60,15
DA:61,18
DA:62,18
DA:63,18
DA:64,28
DA:65,10
DA:66,10
DA:67,10
DA:68,7
DA:69,11
DA:70,17
DA:71,19
DA:72,9
DA:73,4
DA:74,25
LF:70
LH:70
end_of_record
TN:
SF:build/dev/javascript/aarondb_edge/aarondb_edge_ffi.mjs
FNF:3
FNH:3
DA:1,15
DA:2,31
DA:3,15
DA:4,38
DA:5,48
DA:6,12
DA:7,2
DA:8,12
DA:11,15
DA:12,30
DA:15,17
DA:16,57
DA:17,57
DA:19,21
DA:20,13
DA:21,13
DA:22,38
DA:23,30
DA:24,22
DA:25,20
DA:26,2
DA:27,21
DA:28,21
DA:29,40
DA:30,30
LF:25
LH:25
end_of_record
TN:
SF:build/dev/javascript/aarondb_edge/gleam.mjs
FNF:1
FNH:1
DA:1,30
LF:1
LH:1
end_of_record
TN:
SF:build/dev/javascript/gleam_stdlib/dict.mjs
FNF:36
FNH:28
DA:6,63
DA:10,33
DA:11,33
DA:12,18
DA:13,3
DA:14,20
DA:20,0
DA:21,0
DA:22,0
DA:23,0
DA:24,0
DA:25,0
DA:26,0
DA:27,0
DA:28,0
DA:29,0
DA:39,10
DA:40,51
DA:48,7
DA:49,15
DA:50,23
DA:51,33
DA:52,51
DA:53,2
DA:54,11
DA:62,7
DA:63,32
DA:64,37
DA:65,37
DA:66,43
DA:74,0
DA:83,7
DA:84,41
DA:85,59
DA:86,0
DA:87,0
DA:88,0
DA:89,0
DA:90,0
DA:91,0
DA:92,2
DA:93,73
DA:94,0
DA:95,2
DA:96,22
DA:97,0
DA:98,2
DA:99,12
DA:100,29
DA:101,0
DA:102,2
DA:103,53
DA:104,40
DA:105,45
DA:106,2
DA:107,27
DA:108,0
DA:110,0
DA:111,27
DA:112,0
DA:114,0
DA:115,11
DA:116,32
DA:117,43
DA:118,24
DA:119,21
DA:120,53
DA:121,5
DA:123,9
DA:131,12
DA:132,20
DA:133,25
DA:134,37
DA:135,21
DA:136,27
DA:137,15
DA:138,25
DA:139,15
DA:140,20
DA:141,0
DA:142,5
DA:143,15
DA:144,20
DA:145,0
DA:146,0
DA:147,0
DA:148,0
DA:150,1
DA:162,27
DA:163,18
DA:164,21
DA:165,20
DA:167,1
DA:170,15
DA:171,29
DA:174,33
DA:179,31
DA:182,29
DA:183,41
DA:184,40
DA:186,40
DA:190,12
DA:204,12
DA:205,12
DA:223,10
DA:226,28
DA:227,1
DA:230,16
DA:231,37
DA:238,22
DA:239,39
DA:240,0
DA:241,2
DA:243,37
DA:244,64
DA:250,32
DA:251,27
DA:252,0
DA:253,2
DA:256,36
DA:257,23
DA:258,11
DA:264,42
DA:265,25
DA:266,29
DA:269,40
DA:271,20
DA:272,21
DA:274,69
DA:275,30
DA:276,30
DA:277,72
DA:279,70
DA:282,32
DA:283,36
DA:285,25
DA:286,29
DA:287,51
DA:288,0
DA:289,2
DA:290,13
DA:291,13
DA:293,22
DA:294,12
DA:297,11
DA:298,17
DA:301,0
DA:302,0
DA:303,0
DA:304,0
DA:305,0
DA:306,1
DA:309,15
DA:310,17
DA:313,20
DA:314,54
DA:315,63
DA:318,20
DA:319,63
DA:322,21
DA:323,50
DA:324,27
DA:325,37
DA:327,23
DA:329,0
DA:330,36
DA:339,61
DA:340,70
DA:341,13
DA:344,22
DA:346,0
DA:350,0
DA:351,0
DA:352,0
DA:353,0
DA:354,0
DA:355,0
DA:357,1
DA:373,15
DA:374,12
DA:375,37
DA:376,20
DA:377,20
DA:378,6
DA:379,2
DA:385,20
DA:386,48
DA:387,21
DA:388,2
DA:390,47
DA:400,10
DA:401,25
DA:402,55
DA:403,30
DA:404,0
DA:411,0
DA:412,0
DA:414,0
DA:417,0
DA:422,0
DA:423,0
DA:424,0
DA:425,0
DA:426,0
DA:428,1
DA:433,47
DA:435,27
DA:436,52
DA:437,35
DA:439,28
DA:440,79
DA:441,23
DA:442,0
DA:443,2
DA:445,44
DA:454,0
DA:455,0
DA:456,0
DA:457,1
DA:466,0
DA:467,0
DA:468,0
DA:469,0
DA:470,0
DA:471,0
DA:472,0
DA:473,0
DA:477,46
DA:478,25
DA:479,42
DA:483,15
DA:484,0
DA:485,0
DA:486,0
DA:487,0
DA:488,0
DA:490,0
DA:491,0
DA:492,2
DA:494,35
DA:498,23
DA:499,0
DA:501,0
DA:502,0
DA:503,0
DA:504,2
DA:508,57
DA:509,36
DA:510,24
DA:511,68
DA:512,2
DA:516,37
DA:517,55
DA:518,2
DA:523,34
DA:525,24
DA:526,73
DA:528,29
DA:529,35
DA:530,30
DA:531,76
DA:534,22
DA:537,29
DA:538,56
DA:542,40
DA:544,20
DA:545,21
DA:548,73
DA:549,17
DA:550,33
DA:551,32
DA:552,31
DA:554,77
DA:561,25
DA:562,28
DA:563,75
DA:564,16
DA:567,39
DA:568,25
DA:569,42
DA:573,15
DA:574,0
DA:575,0
DA:576,0
DA:577,0
DA:578,0
DA:579,0
DA:581,0
DA:582,2
DA:584,35
DA:585,57
DA:589,31
DA:590,0
DA:592,0
DA:593,0
DA:596,0
DA:597,0
DA:598,0
DA:604,0
DA:605,0
DA:607,0
DA:608,0
DA:610,0
DA:611,0
DA:612,0
DA:613,0
DA:614,0
DA:615,0
DA:617,0
DA:618,2
DA:622,63
DA:623,0
DA:624,2
DA:627,22
DA:628,57
DA:631,0
DA:632,0
DA:633,0
DA:634,0
DA:635,0
DA:636,0
DA:637,0
DA:638,0
DA:639,0
DA:640,0
DA:641,0
DA:642,0
DA:643,0
DA:644,0
DA:645,0
DA:646,0
DA:647,0
DA:648,0
DA:649,0
DA:650,0
DA:651,0
DA:652,0
DA:653,0
DA:654,0
DA:655,0
DA:656,0
DA:657,0
DA:658,1
DA:661,27
DA:662,28
DA:664,25
DA:666,29
DA:667,27
DA:671,60
DA:672,45
DA:673,45
DA:674,4
DA:676,52
DA:677,24
DA:678,2
DA:679,2
DA:681,12
DA:687,7
DA:688,28
DA:689,46
DA:690,60
DA:700,17
DA:701,33
DA:708,17
DA:709,35
LF:365
LH:235
end_of_record
TN:
SF:build/dev/javascript/gleam_stdlib/gleam.mjs
FNF:1
FNH:1
DA:1,30
LF:1
LH:1
end_of_record
TN:
SF:build/dev/javascript/gleam_stdlib/gleam/bit_array.mjs
FNF:9
FNH:0
DA:1,77
DA:2,41
DA:3,45
DA:4,47
DA:5,34
DA:6,36
DA:7,34
DA:8,38
DA:9,34
DA:10,28
DA:11,42
DA:13,96
DA:17,37
DA:18,39
DA:21,152
DA:45,0
DA:46,1
DA:52,0
DA:53,0
DA:54,0
DA:55,0
DA:56,0
DA:57,0
DA:58,0
DA:59,0
DA:60,0
DA:61,0
DA:62,1
DA:72,0
DA:73,0
DA:74,0
DA:75,0
DA:76,1
DA:83,0
DA:84,0
DA:85,0
DA:86,0
DA:90,0
DA:91,0
DA:92,0
DA:93,0
DA:94,0
DA:95,0
DA:96,0
DA:97,0
DA:98,0
DA:99,0
DA:100,0
DA:101,0
DA:102,0
DA:103,0
DA:104,0
DA:105,0
DA:106,0
DA:107,0
DA:108,0
DA:109,0
DA:110,0
DA:111,0
DA:112,0
DA:113,0
DA:114,0
DA:115,0
DA:116,0
DA:117,0
DA:118,0
DA:119,0
DA:120,0
DA:121,0
DA:122,0
DA:123,0
DA:124,0
DA:125,0
DA:126,0
DA:127,0
DA:128,0
DA:129,0
DA:130,0
DA:131,0
DA:132,0
DA:133,1
DA:152,0
DA:153,1
DA:173,0
DA:174,0
DA:175,0
DA:176,0
DA:177,0
DA:178,0
DA:179,0
DA:180,0
DA:181,0
DA:182,0
DA:183,0
DA:184,0
DA:185,0
DA:186,0
DA:187,0
DA:188,0
DA:189,0
DA:190,0
DA:191,0
DA:192,0
DA:193,0
DA:194,0
DA:195,0
DA:196,0
DA:197,0
DA:198,0
DA:199,0
DA:200,0
DA:201,0
DA:202,0
DA:203,0
DA:204,0
DA:205,0
DA:206,0
DA:207,0
DA:208,0
DA:209,0
DA:210,0
DA:211,0
DA:212,0
DA:213,0
DA:214,0
DA:215,0
DA:216,0
DA:217,0
DA:218,0
DA:219,0
DA:220,0
DA:221,0
DA:222,0
DA:223,0
DA:224,0
DA:225,0
DA:226,0
DA:227,0
DA:228,0
DA:229,0
DA:230,0
DA:231,0
DA:232,0
DA:233,0
DA:234,0
DA:235,0
DA:236,0
DA:237,0
DA:238,0
DA:239,0
DA:240,0
DA:241,0
DA:242,0
DA:243,0
DA:244,0
DA:245,0
DA:246,0
DA:247,0
DA:248,0
DA:249,0
DA:250,0
DA:251,0
DA:252,0
DA:253,0
DA:254,0
DA:255,0
DA:256,0
DA:257,0
DA:258,0
DA:259,0
DA:260,0
DA:261,0
DA:262,0
DA:263,0
DA:264,0
DA:265,0
DA:266,0
DA:267,0
DA:268,0
DA:269,1
DA:275,0
DA:279,0
DA:280,0
DA:281,0
DA:282,0
DA:283,0
LF:186
LH:21
end_of_record
TN:
SF:build/dev/javascript/gleam_stdlib/gleam/dict.mjs
FNF:29
FNH:9
DA:1,24
DA:2,32
DA:3,31
DA:5,18
DA:6,52
DA:9,26
DA:10,43
DA:11,60
DA:13,43
DA:15,83
DA:16,47
DA:18,62
DA:33,0
DA:37,0
DA:38,0
DA:39,0
DA:40,0
DA:41,0
DA:42,0
DA:43,0
DA:44,0
DA:45,0
DA:46,0
DA:47,0
DA:48,0
DA:49,0
DA:50,1
DA:59,0
DA:63,0
DA:64,0
DA:65,0
DA:66,0
DA:67,0
DA:68,0
DA:69,0
DA:70,0
DA:71,0
DA:72,0
DA:73,0
DA:74,0
DA:75,0
DA:76,0
DA:77,0
DA:78,0
DA:79,0
DA:80,0
DA:81,0
DA:82,0
DA:83,0
DA:84,0
DA:88,0
DA:89,1
DA:110,0
DA:111,1
DA:130,20
DA:131,33
DA:132,73
DA:133,5
DA:134,4
DA:135,30
DA:138,0
DA:139,0
DA:140,0
DA:141,0
DA:142,0
DA:143,0
DA:144,0
DA:145,0
DA:146,0
DA:147,0
DA:148,0
DA:149,0
DA:153,0
DA:154,1
DA:178,0
DA:179,1
DA:206,0
DA:207,0
DA:208,0
DA:209,0
DA:210,0
DA:211,0
DA:212,1
DA:242,15
DA:243,12
DA:244,6
DA:245,11
DA:246,63
DA:247,2
DA:263,0
DA:264,0
DA:265,0
DA:266,0
DA:267,0
DA:268,1
DA:284,15
DA:285,12
DA:286,6
DA:287,11
DA:288,54
DA:289,1
DA:292,0
DA:293,0
DA:294,0
DA:295,0
DA:296,0
DA:297,0
DA:298,0
DA:299,0
DA:300,0
DA:301,0
DA:302,0
DA:303,0
DA:304,0
DA:305,0
DA:306,1
DA:327,0
DA:328,1
DA:355,0
DA:356,0
DA:357,0
DA:358,0
DA:359,0
DA:360,0
DA:361,0
DA:362,0
DA:366,26
DA:367,13
DA:368,37
DA:369,12
DA:370,34
DA:371,0
DA:372,2
DA:374,17
DA:375,10
DA:376,12
DA:377,16
DA:378,13
DA:379,15
DA:380,19
DA:381,32
DA:382,19
DA:383,7
DA:384,6
DA:385,0
DA:386,0
DA:389,4
DA:390,31
DA:408,27
DA:409,32
DA:426,28
DA:427,34
DA:430,0
DA:431,0
DA:432,0
DA:433,0
DA:434,0
DA:435,0
DA:436,0
DA:437,0
DA:438,0
DA:439,0
DA:440,0
DA:441,0
DA:442,0
DA:443,0
DA:444,0
DA:445,0
DA:446,0
DA:447,0
DA:448,0
DA:449,0
DA:450,1
DA:453,0
LF:174
LH:63
end_of_record
TN:
SF:build/dev/javascript/gleam_stdlib/gleam/dynamic.mjs
FNF:2
FNH:0
DA:1,43
DA:2,29
DA:3,23
DA:4,19
DA:5,21
DA:6,20
DA:7,18
DA:8,24
DA:9,24
DA:10,20
DA:11,34
DA:14,70
DA:23,0
DA:24,1
DA:33,0
LF:15
LH:13
end_of_record
TN:
SF:build/dev/javascript/gleam_stdlib/gleam/dynamic/decode.mjs
FNF:41
FNH:1
DA:1,40
DA:5,20
DA:6,28
DA:7,47
DA:10,56
DA:11,46
DA:12,52
DA:13,48
DA:14,44
DA:15,46
DA:16,50
DA:17,52
DA:18,18
DA:19,20
DA:20,23
DA:21,29
DA:22,28
DA:23,22
DA:24,26
DA:25,27
DA:27,47
DA:30,46
DA:31,0
DA:32,0
DA:33,0
DA:34,0
DA:35,1
DA:37,1
DA:38,0
DA:39,2
DA:40,0
DA:41,2
DA:42,48
DA:43,41
DA:44,45
DA:45,41
DA:46,44
DA:47,41
DA:49,35
DA:50,17
DA:51,12
DA:52,29
DA:54,1
DA:66,51
DA:78,45
DA:97,43
DA:116,47
DA:128,55
DA:140,49
DA:158,0
DA:159,0
DA:160,0
DA:161,0
DA:162,0
DA:163,0
DA:164,0
DA:165,0
DA:166,0
DA:167,1
DA:192,0
DA:196,0
DA:197,1
DA:211,0
DA:212,0
DA:213,0
DA:214,0
DA:215,0
DA:216,0
DA:217,0
DA:218,0
DA:219,0
DA:220,0
DA:221,1
DA:227,0
DA:228,0
DA:229,0
DA:230,0
DA:231,0
DA:232,0
DA:233,0
DA:234,0
DA:235,0
DA:236,0
DA:237,1
DA:245,0
DA:246,0
DA:247,0
DA:248,0
DA:249,0
DA:250,0
DA:251,0
DA:252,0
DA:253,0
DA:254,0
DA:255,0
DA:256,0
DA:257,0
DA:258,0
DA:259,0
DA:260,0
DA:261,0
DA:262,0
DA:263,0
DA:264,0
DA:268,0
DA:269,0
DA:270,0
DA:271,0
DA:272,0
DA:273,0
DA:274,0
DA:275,0
DA:276,0
DA:277,0
DA:278,0
DA:279,0
DA:280,0
DA:281,0
DA:282,0
DA:283,0
DA:284,0
DA:285,0
DA:286,0
DA:287,0
DA:288,0
DA:289,0
DA:290,0
DA:291,1
DA:312,0
DA:313,0
DA:314,0
DA:315,0
DA:316,0
DA:317,0
DA:318,0
DA:319,0
DA:320,0
DA:321,0
DA:322,0
DA:323,0
DA:324,0
DA:325,0
DA:326,1
DA:353,0
DA:354,0
DA:355,0
DA:356,0
DA:357,0
DA:358,0
DA:359,1
DA:382,0
DA:383,0
DA:384,0
DA:385,0
DA:386,0
DA:387,0
DA:388,0
DA:389,0
DA:390,0
DA:391,0
DA:392,0
DA:393,0
DA:394,0
DA:395,0
DA:396,0
DA:397,1
DA:403,0
DA:404,0
DA:405,0
DA:409,0
DA:410,0
DA:411,0
DA:412,0
DA:413,0
DA:414,0
DA:415,0
DA:416,0
DA:417,0
DA:418,0
DA:423,0
DA:424,0
DA:425,0
DA:426,0
DA:427,0
DA:428,0
DA:429,0
DA:430,0
DA:431,0
DA:437,0
DA:441,0
DA:445,0
DA:446,1
DA:464,0
DA:465,0
DA:466,0
DA:467,0
DA:468,0
DA:469,0
DA:470,0
DA:471,0
DA:472,0
DA:473,0
DA:474,0
DA:475,0
DA:476,0
DA:477,0
DA:478,0
DA:479,0
DA:480,1
DA:499,0
DA:500,1
DA:541,0
DA:542,0
DA:543,0
DA:544,0
DA:545,0
DA:546,0
DA:547,0
DA:548,0
DA:549,0
DA:550,0
DA:551,0
DA:552,0
DA:553,0
DA:554,0
DA:555,0
DA:559,0
DA:563,0
DA:564,0
DA:565,0
DA:566,0
DA:567,0
DA:568,0
DA:569,0
DA:570,0
DA:571,0
DA:572,0
DA:573,0
DA:574,0
DA:575,0
DA:576,0
DA:577,0
DA:578,0
DA:579,0
DA:580,0
DA:581,0
DA:586,0
DA:587,0
DA:588,0
DA:589,0
DA:590,0
DA:591,0
DA:592,0
DA:593,0
DA:594,0
DA:595,0
DA:596,0
DA:597,0
DA:598,0
DA:599,0
DA:600,0
DA:601,0
DA:602,0
DA:603,0
DA:604,1
DA:625,0
DA:626,0
DA:627,0
DA:628,0
DA:629,0
DA:630,0
DA:631,0
DA:632,0
DA:633,0
DA:634,0
DA:635,0
DA:636,0
DA:637,0
DA:638,0
DA:639,0
DA:640,0
DA:641,0
DA:642,0
DA:643,0
DA:644,0
DA:645,0
DA:646,0
DA:647,1
DA:665,0
DA:666,0
DA:667,0
DA:668,0
DA:669,0
DA:670,0
DA:671,0
DA:672,0
DA:673,0
DA:674,0
DA:675,0
DA:679,0
DA:680,0
DA:681,0
DA:682,0
DA:683,0
DA:684,0
DA:685,0
DA:686,0
DA:687,0
DA:688,0
DA:689,0
DA:690,0
DA:691,0
DA:692,0
DA:693,0
DA:694,0
DA:695,0
DA:696,0
DA:697,0
DA:701,0
DA:702,0
DA:703,0
DA:704,0
DA:705,0
DA:706,0
DA:707,0
DA:708,0
DA:709,0
DA:710,0
DA:711,0
DA:712,0
DA:713,0
DA:714,0
DA:715,0
DA:716,0
DA:717,0
DA:718,0
DA:719,0
DA:720,0
DA:721,0
DA:722,0
DA:723,0
DA:724,0
DA:725,0
DA:726,0
DA:727,0
DA:728,0
DA:729,0
DA:730,0
DA:731,0
DA:732,0
DA:733,0
DA:734,0
DA:735,0
DA:736,0
DA:737,0
DA:738,0
DA:739,0
DA:740,0
DA:741,0
DA:742,0
DA:743,0
DA:744,0
DA:745,0
DA:746,1
DA:776,0
DA:777,0
DA:778,0
DA:779,0
DA:780,0
DA:781,0
DA:782,0
DA:783,0
DA:784,0
DA:785,0
DA:786,0
DA:787,0
DA:788,0
DA:789,0
DA:790,0
DA:791,0
DA:792,0
DA:793,0
DA:794,0
DA:795,0
DA:796,0
DA:797,0
DA:798,0
DA:799,0
DA:800,0
DA:801,0
DA:802,0
DA:803,0
DA:804,0
DA:805,0
DA:806,1
DA:837,0
DA:838,0
DA:839,0
DA:840,0
DA:841,0
DA:842,0
DA:843,0
DA:844,0
DA:845,0
DA:846,0
DA:847,0
DA:848,0
DA:849,0
DA:850,0
DA:851,0
DA:852,0
DA:853,0
DA:854,0
DA:855,0
DA:856,0
DA:857,1
DA:893,0
DA:894,1
DA:923,0
DA:924,0
DA:925,0
DA:926,0
DA:927,0
DA:928,0
DA:929,0
DA:930,0
DA:931,0
DA:932,0
DA:933,0
DA:934,0
DA:935,0
DA:936,0
DA:937,0
DA:938,0
DA:939,0
DA:940,0
DA:941,0
DA:942,0
DA:943,0
DA:944,0
DA:945,0
DA:946,0
DA:947,0
DA:948,0
DA:949,0
DA:950,0
DA:951,0
DA:952,0
DA:953,0
DA:954,0
DA:955,0
DA:956,0
DA:957,0
DA:958,1
DA:981,0
DA:982,0
DA:983,0
DA:984,0
DA:985,0
DA:986,0
DA:987,0
DA:988,0
DA:989,0
DA:990,0
DA:991,0
LF:465
LH:61
end_of_record
TN:
SF:build/dev/javascript/gleam_stdlib/gleam/float.mjs
FNF:22
FNH:1
DA:1,71
DA:2,45
DA:3,24
DA:4,27
DA:5,39
DA:8,34
DA:10,23
DA:11,29
DA:12,16
DA:13,16
DA:14,41
DA:17,75
DA:33,15
DA:34,18
DA:35,6
DA:36,0
DA:37,11
DA:38,19
DA:39,14
DA:40,20
DA:41,0
DA:42,1
DA:56,0
DA:57,0
DA:58,0
DA:59,0
DA:60,0
DA:61,1
DA:74,0
DA:75,0
DA:76,0
DA:77,0
DA:78,0
DA:79,1
DA:101,0
DA:102,0
DA:103,0
DA:104,0
DA:105,0
DA:106,0
DA:107,0
DA:108,0
DA:109,0
DA:110,1
DA:127,0
DA:128,0
DA:129,0
DA:130,0
DA:131,0
DA:132,1
DA:155,0
DA:156,0
DA:157,0
DA:158,0
DA:159,0
DA:160,0
DA:161,1
DA:185,0
DA:186,0
DA:187,1
DA:216,0
DA:217,0
DA:218,0
DA:219,0
DA:220,0
DA:221,0
DA:222,1
DA:239,0
DA:240,1
DA:252,0
DA:253,1
DA:269,0
DA:270,0
DA:271,0
DA:272,0
DA:273,0
DA:274,1
DA:294,0
DA:295,0
DA:296,0
DA:297,0
DA:298,0
DA:299,0
DA:300,0
DA:305,0
DA:306,0
DA:307,0
DA:308,0
DA:309,0
DA:310,0
DA:311,0
DA:312,0
DA:313,0
DA:314,0
DA:315,0
DA:316,0
DA:317,1
DA:329,0
DA:333,0
DA:334,0
DA:335,0
DA:336,0
DA:337,0
DA:338,0
DA:339,0
DA:340,0
DA:341,0
DA:342,0
DA:343,0
DA:344,0
DA:345,1
DA:357,0
DA:358,1
DA:387,0
DA:388,0
DA:389,0
DA:390,0
DA:391,1
DA:408,0
DA:409,0
DA:410,0
DA:411,0
DA:412,0
DA:413,1
DA:439,0
DA:440,1
DA:465,0
DA:466,1
DA:495,0
DA:496,1
DA:521,0
DA:522,0
DA:523,0
DA:524,0
DA:525,0
LF:135
LH:38
end_of_record
TN:
SF:build/dev/javascript/gleam_stdlib/gleam/int.mjs
FNF:30
FNH:1
DA:1,83
DA:2,45
DA:3,45
DA:4,22
DA:5,32
DA:6,50
DA:8,32
DA:9,145
DA:18,147
DA:43,0
DA:44,0
DA:45,0
DA:46,0
DA:47,0
DA:48,1
DA:78,0
DA:79,0
DA:80,0
DA:81,0
DA:82,0
DA:83,1
DA:114,0
DA:115,0
DA:116,0
DA:117,0
DA:118,0
DA:119,1
DA:132,0
DA:133,1
DA:145,0
DA:146,1
DA:158,0
DA:159,1
DA:171,0
DA:172,1
DA:201,0
DA:202,0
DA:203,0
DA:204,1
DA:220,0
DA:221,0
DA:222,0
DA:223,1
DA:243,15
DA:244,18
DA:245,11
DA:246,20
DA:247,11
DA:248,19
DA:249,14
DA:250,20
DA:251,13
DA:252,21
DA:266,0
DA:267,0
DA:268,0
DA:269,0
DA:270,0
DA:271,1
DA:284,0
DA:285,0
DA:286,0
DA:287,0
DA:288,0
DA:289,1
DA:310,0
DA:311,0
DA:312,0
DA:313,0
DA:314,0
DA:315,0
DA:316,0
DA:317,0
DA:318,0
DA:319,1
DA:336,0
DA:337,1
DA:353,0
DA:354,1
DA:366,0
DA:370,0
DA:371,0
DA:372,0
DA:373,0
DA:374,0
DA:375,0
DA:376,0
DA:377,0
DA:378,0
DA:379,0
DA:380,0
DA:381,0
DA:382,1
DA:394,0
DA:398,0
DA:399,0
DA:400,0
DA:401,0
DA:402,0
DA:403,0
DA:404,0
DA:405,0
DA:406,0
DA:407,0
DA:408,0
DA:409,0
DA:410,1
DA:422,0
DA:423,1
DA:448,0
DA:449,0
DA:450,0
DA:451,1
DA:478,0
DA:479,0
DA:480,0
DA:481,0
DA:482,0
DA:483,1
DA:526,0
DA:527,0
DA:528,0
DA:529,0
DA:530,0
DA:531,1
DA:570,0
DA:571,0
DA:572,0
DA:573,0
DA:574,0
DA:575,0
DA:576,0
DA:577,0
DA:578,0
DA:579,1
DA:612,0
DA:613,0
DA:614,0
DA:615,0
DA:616,0
DA:617,0
DA:618,0
DA:619,0
DA:620,0
DA:621,1
DA:647,0
DA:648,1
DA:673,0
DA:674,1
DA:703,0
DA:707,0
DA:708,0
DA:709,0
DA:710,0
DA:711,0
DA:712,0
DA:713,0
DA:714,0
DA:715,0
DA:716,0
DA:717,0
DA:718,0
DA:719,0
DA:720,0
DA:721,0
DA:722,0
DA:723,0
DA:724,0
DA:725,0
DA:726,0
DA:727,0
DA:728,0
DA:729,0
DA:730,0
DA:731,0
DA:732,1
DA:754,0
DA:755,0
DA:756,0
DA:757,0
DA:758,0
DA:759,0
DA:760,0
DA:761,0
DA:762,0
LF:185
LH:44
end_of_record
TN:
SF:build/dev/javascript/gleam_stdlib/gleam/list.mjs
FNF:124
FNH:24
DA:1,6
DA:5,20
DA:6,28
DA:7,70
DA:12,43
DA:13,45
DA:14,41
DA:15,45
DA:17,40
DA:19,43
DA:20,0
DA:21,0
DA:22,1
DA:24,1
DA:25,39
DA:26,41
DA:27,41
DA:29,39
DA:30,0
DA:31,0
DA:32,1
DA:34,1
DA:35,35
DA:36,37
DA:37,37
DA:39,38
DA:41,39
DA:43,347
DA:45,27
DA:46,17
DA:47,25
DA:48,27
DA:49,34
DA:50,12
DA:51,13
DA:52,29
DA:53,25
DA:54,29
DA:56,1
DA:82,15
DA:83,27
DA:86,0
DA:87,0
DA:88,0
DA:89,0
DA:90,0
DA:91,0
DA:92,0
DA:93,0
DA:94,0
DA:95,0
DA:96,0
DA:97,0
DA:98,0
DA:99,0
DA:100,0
DA:101,0
DA:102,0
DA:103,0
DA:104,0
DA:105,0
DA:106,0
DA:107,1
DA:130,0
DA:141,30
DA:142,17
DA:143,29
DA:144,29
DA:145,36
DA:146,13
DA:147,13
DA:148,32
DA:149,31
DA:150,27
DA:151,49
DA:153,1
DA:180,15
DA:181,45
DA:203,0
DA:204,1
DA:235,0
DA:236,0
DA:237,0
DA:238,0
DA:239,0
DA:240,0
DA:241,0
DA:242,0
DA:243,0
DA:244,0
DA:245,0
DA:246,0
DA:247,0
DA:248,0
DA:249,0
DA:250,0
DA:251,1
DA:271,0
DA:272,0
DA:273,0
DA:274,0
DA:275,0
DA:276,1
DA:300,0
DA:301,0
DA:302,0
DA:303,0
DA:304,0
DA:305,1
DA:342,0
DA:346,35
DA:347,17
DA:348,25
DA:349,23
DA:350,23
DA:351,34
DA:352,19
DA:353,13
DA:354,30
DA:355,29
DA:356,17
DA:357,27
DA:358,15
DA:359,41
DA:360,15
DA:361,25
DA:363,27
DA:364,25
DA:365,21
DA:366,25
DA:368,1
DA:385,26
DA:386,47
DA:389,0
DA:390,0
DA:391,0
DA:392,0
DA:393,0
DA:394,0
DA:395,0
DA:396,0
DA:397,0
DA:398,0
DA:399,0
DA:400,0
DA:401,0
DA:402,0
DA:403,0
DA:404,0
DA:405,0
DA:406,0
DA:407,0
DA:408,0
DA:409,0
DA:410,0
DA:411,0
DA:412,1
DA:429,0
DA:433,35
DA:434,17
DA:435,25
DA:436,23
DA:437,23
DA:438,34
DA:439,19
DA:440,13
DA:441,30
DA:442,29
DA:443,25
DA:444,21
DA:445,48
DA:447,1
DA:459,20
DA:460,38
DA:463,0
DA:464,0
DA:465,0
DA:466,0
DA:467,0
DA:468,0
DA:469,0
DA:470,0
DA:471,0
DA:472,0
DA:473,0
DA:474,0
DA:475,0
DA:476,0
DA:477,0
DA:478,0
DA:479,0
DA:480,0
DA:481,0
DA:482,0
DA:483,1
DA:502,0
DA:506,0
DA:507,0
DA:508,0
DA:509,0
DA:510,0
DA:511,0
DA:512,0
DA:513,0
DA:514,0
DA:515,0
DA:516,0
DA:517,0
DA:518,0
DA:519,0
DA:520,0
DA:521,0
DA:522,0
DA:523,0
DA:524,0
DA:525,0
DA:526,0
DA:527,1
DA:545,0
DA:549,0
DA:550,0
DA:551,0
DA:552,0
DA:553,0
DA:554,0
DA:555,0
DA:556,0
DA:557,0
DA:558,0
DA:559,0
DA:560,0
DA:561,0
DA:562,0
DA:563,0
DA:564,0
DA:565,0
DA:566,1
DA:582,0
DA:586,0
DA:587,0
DA:588,0
DA:589,0
DA:590,0
DA:591,0
DA:592,0
DA:593,0
DA:594,0
DA:595,0
DA:596,0
DA:597,0
DA:598,0
DA:599,0
DA:600,0
DA:601,0
DA:602,0
DA:603,0
DA:604,0
DA:605,0
DA:606,1
DA:638,0
DA:639,1
DA:661,28
DA:662,17
DA:663,25
DA:664,19
DA:665,19
DA:666,13
DA:667,11
DA:668,13
DA:669,36
DA:670,11
DA:671,15
DA:672,31
DA:673,27
DA:674,27
DA:677,0
DA:680,33
DA:681,17
DA:682,25
DA:683,19
DA:684,23
DA:685,19
DA:686,13
DA:687,19
DA:688,13
DA:689,36
DA:690,19
DA:691,15
DA:692,32
DA:693,31
DA:694,27
DA:695,23
DA:696,49
DA:699,1
DA:721,18
DA:722,38
DA:734,0
DA:735,1
DA:755,0
DA:759,29
DA:760,17
DA:761,27
DA:762,29
DA:763,35
DA:764,13
DA:765,13
DA:766,31
DA:767,30
DA:768,26
DA:769,49
DA:771,1
DA:786,24
DA:787,43
DA:804,0
DA:808,26
DA:809,17
DA:810,27
DA:811,23
DA:812,35
DA:813,19
DA:814,13
DA:815,28
DA:816,37
DA:817,33
DA:818,48
DA:820,1
DA:835,16
DA:836,39
DA:848,20
DA:849,31
DA:861,44
DA:862,17
DA:863,25
DA:864,31
DA:865,23
DA:866,34
DA:867,14
DA:868,13
DA:869,30
DA:870,29
DA:871,25
DA:872,43
DA:873,21
DA:875,1
DA:890,0
DA:891,0
DA:892,0
DA:893,0
DA:894,0
DA:895,0
DA:900,0
DA:901,0
DA:902,0
DA:903,0
DA:904,0
DA:905,0
DA:906,0
DA:907,0
DA:908,0
DA:909,0
DA:910,0
DA:911,0
DA:912,0
DA:913,0
DA:914,0
DA:915,0
DA:916,1
DA:938,0
DA:939,1
DA:962,0
DA:963,0
DA:964,0
DA:965,0
DA:966,0
DA:967,0
DA:968,0
DA:969,0
DA:970,0
DA:971,0
DA:972,0
DA:973,0
DA:974,0
DA:975,0
DA:976,0
DA:977,0
DA:978,0
DA:979,0
DA:980,0
DA:981,0
DA:982,1
DA:1005,0
DA:1006,0
DA:1007,0
DA:1008,0
DA:1009,0
DA:1010,0
DA:1011,0
DA:1012,0
DA:1013,0
DA:1014,0
DA:1015,0
DA:1016,0
DA:1017,0
DA:1018,0
DA:1019,0
DA:1020,0
DA:1021,0
DA:1022,0
DA:1023,0
DA:1024,0
DA:1025,0
DA:1026,1
DA:1049,0
DA:1050,0
DA:1051,0
DA:1052,0
DA:1053,0
DA:1054,0
DA:1055,0
DA:1056,0
DA:1057,0
DA:1058,0
DA:1059,0
DA:1060,0
DA:1061,0
DA:1062,0
DA:1063,0
DA:1064,0
DA:1065,0
DA:1066,1
DA:1089,0
DA:1090,0
DA:1091,0
DA:1092,0
DA:1093,0
DA:1094,0
DA:1095,0
DA:1096,0
DA:1097,0
DA:1098,0
DA:1099,0
DA:1100,0
DA:1101,0
DA:1102,0
DA:1103,0
DA:1104,0
DA:1105,0
DA:1106,1
DA:1128,0
DA:1129,0
DA:1130,0
DA:1131,0
DA:1132,0
DA:1133,0
DA:1134,0
DA:1135,0
DA:1136,0
DA:1137,0
DA:1138,0
DA:1139,0
DA:1140,0
DA:1141,0
DA:1142,0
DA:1143,0
DA:1144,0
DA:1145,1
DA:1171,0
DA:1172,0
DA:1173,0
DA:1174,0
DA:1175,0
DA:1176,0
DA:1177,0
DA:1178,0
DA:1179,0
DA:1180,0
DA:1181,0
DA:1182,0
DA:1183,0
DA:1184,0
DA:1185,0
DA:1186,0
DA:1187,0
DA:1191,0
DA:1192,0
DA:1193,0
DA:1194,0
DA:1195,0
DA:1196,0
DA:1197,0
DA:1198,0
DA:1199,0
DA:1200,0
DA:1201,0
DA:1202,0
DA:1203,0
DA:1204,0
DA:1205,0
DA:1206,0
DA:1207,0
DA:1208,0
DA:1209,1
DA:1236,0
DA:1240,0
DA:1241,0
DA:1242,0
DA:1243,0
DA:1244,0
DA:1245,0
DA:1246,0
DA:1247,0
DA:1248,0
DA:1249,0
DA:1250,0
DA:1251,0
DA:1252,0
DA:1253,0
DA:1254,0
DA:1255,0
DA:1256,0
DA:1257,0
DA:1258,0
DA:1259,0
DA:1260,0
DA:1261,0
DA:1262,1
DA:1288,0
DA:1292,0
DA:1293,0
DA:1294,0
DA:1295,0
DA:1296,0
DA:1297,0
DA:1298,0
DA:1299,0
DA:1300,0
DA:1301,0
DA:1302,0
DA:1303,0
DA:1304,0
DA:1305,0
DA:1306,0
DA:1307,1
DA:1323,0
DA:1327,0
DA:1328,0
DA:1329,0
DA:1330,0
DA:1331,0
DA:1332,0
DA:1333,0
DA:1334,0
DA:1335,0
DA:1336,0
DA:1337,0
DA:1338,0
DA:1339,0
DA:1340,0
DA:1341,1
DA:1359,0
DA:1360,0
DA:1361,0
DA:1362,0
DA:1363,0
DA:1364,0
DA:1365,0
DA:1366,0
DA:1367,0
DA:1368,0
DA:1374,36
DA:1375,17
DA:1376,25
DA:1377,25
DA:1378,23
DA:1379,34
DA:1380,19
DA:1381,13
DA:1382,30
DA:1383,29
DA:1384,43
DA:1385,6
DA:1386,0
DA:1387,0
DA:1388,0
DA:1389,15
DA:1390,27
DA:1391,59
DA:1392,49
DA:1395,1
DA:1409,15
DA:1410,50
DA:1439,1
DA:1440,11
DA:1441,14
DA:1442,14
DA:1443,16
DA:1444,11
DA:1445,10
DA:1446,3
DA:1447,17
DA:1448,25
DA:1449,31
DA:1450,31
DA:1451,35
DA:1452,25
DA:1453,23
DA:1454,47
DA:1455,34
DA:1456,44
DA:1457,43
DA:1458,15
DA:1459,34
DA:1461,13
DA:1462,28
DA:1463,29
DA:1464,35
DA:1465,44
DA:1466,38
DA:1467,29
DA:1468,33
DA:1469,35
DA:1470,37
DA:1471,28
DA:1472,23
DA:1473,44
DA:1474,29
DA:1475,33
DA:1476,35
DA:1477,37
DA:1478,28
DA:1479,23
DA:1480,17
DA:1481,21
DA:1482,48
DA:1483,56
DA:1484,0
DA:1485,10
DA:1487,29
DA:1488,42
DA:1489,42
DA:1490,0
DA:1491,0
DA:1492,0
DA:1493,0
DA:1494,0
DA:1495,0
DA:1496,0
DA:1497,0
DA:1498,0
DA:1499,0
DA:1500,0
DA:1502,0
DA:1503,0
DA:1504,0
DA:1505,0
DA:1506,0
DA:1507,0
DA:1508,7
DA:1511,42
DA:1512,19
DA:1513,35
DA:1514,0
DA:1515,17
DA:1516,53
DA:1518,27
DA:1519,29
DA:1520,0
DA:1521,17
DA:1522,33
DA:1523,35
DA:1524,23
DA:1525,40
DA:1526,28
DA:1527,0
DA:1528,34
DA:1529,0
DA:1530,19
DA:1531,47
DA:1533,37
DA:1534,29
DA:1535,33
DA:1536,41
DA:1537,39
DA:1538,27
DA:1539,31
DA:1541,33
DA:1542,0
DA:1543,0
DA:1544,0
DA:1545,0
DA:1546,0
DA:1548,0
DA:1549,0
DA:1550,0
DA:1551,0
DA:1552,0
DA:1553,0
DA:1554,0
DA:1555,0
DA:1556,0
DA:1557,0
DA:1558,0
DA:1559,0
DA:1560,0
DA:1561,0
DA:1563,0
DA:1564,0
DA:1565,0
DA:1566,0
DA:1567,0
DA:1568,0
DA:1569,0
DA:1571,15
DA:1572,27
DA:1573,31
DA:1574,33
DA:1575,35
DA:1576,26
DA:1577,28
DA:1580,0
DA:1594,52
DA:1595,17
DA:1596,27
DA:1597,27
DA:1598,31
DA:1599,23
DA:1600,35
DA:1601,23
DA:1602,37
DA:1603,41
DA:1604,23
DA:1605,37
DA:1606,13
DA:1607,30
DA:1608,29
DA:1609,30
DA:1610,29
DA:1611,38
DA:1612,36
DA:1613,27
DA:1614,27
DA:1615,31
DA:1616,42
DA:1617,42
DA:1618,27
DA:1619,27
DA:1620,31
DA:1621,42
DA:1622,15
DA:1623,27
DA:1624,27
DA:1625,31
DA:1626,50
DA:1629,0
DA:1639,44
DA:1640,17
DA:1641,35
DA:1642,31
DA:1643,23
DA:1644,39
DA:1645,19
DA:1646,13
DA:1647,29
DA:1648,24
DA:1649,0
DA:1650,0
DA:1651,15
DA:1652,40
DA:1653,32
DA:1654,28
DA:1655,34
DA:1656,12
DA:1657,12
DA:1658,9
DA:1659,10
DA:1660,10
DA:1661,32
DA:1662,31
DA:1663,52
DA:1666,0
DA:1681,0
DA:1682,0
DA:1683,0
DA:1684,0
DA:1685,0
DA:1686,0
DA:1687,0
DA:1688,0
DA:1689,0
DA:1690,0
DA:1691,0
DA:1692,0
DA:1693,0
DA:1694,0
DA:1695,0
DA:1696,0
DA:1697,0
DA:1698,0
DA:1699,0
DA:1700,0
DA:1701,0
DA:1702,0
DA:1703,0
DA:1704,0
DA:1705,0
DA:1706,0
DA:1707,0
DA:1708,0
DA:1709,0
DA:1710,0
DA:1711,0
DA:1712,0
DA:1713,0
DA:1714,0
DA:1715,0
DA:1724,0
DA:1725,0
DA:1726,0
DA:1727,0
DA:1728,0
DA:1729,0
DA:1730,0
DA:1731,0
DA:1732,0
DA:1733,0
DA:1734,0
DA:1735,0
DA:1736,0
DA:1737,0
DA:1738,0
DA:1739,0
DA:1740,0
DA:1741,0
DA:1742,0
DA:1743,0
DA:1744,0
DA:1745,0
DA:1746,0
DA:1747,0
DA:1748,0
DA:1749,0
DA:1750,0
DA:1761,50
DA:1762,17
DA:1763,35
DA:1764,35
DA:1765,31
DA:1766,32
DA:1767,0
DA:1768,48
DA:1769,29
DA:1770,33
DA:1771,38
DA:1772,15
DA:1773,15
DA:1774,80
DA:1775,37
DA:1776,40
DA:1777,33
DA:1779,13
DA:1780,29
DA:1781,33
DA:1782,38
DA:1783,24
DA:1784,0
DA:1785,0
DA:1786,0
DA:1787,0
DA:1788,3
DA:1791,1
DA:1806,24
DA:1807,32
DA:1808,11
DA:1809,11
DA:1810,22
DA:1811,31
DA:1812,11
DA:1813,13
DA:1814,24
DA:1815,21
DA:1816,26
DA:1817,17
DA:1818,29
DA:1819,37
DA:1820,29
DA:1821,43
DA:1822,29
DA:1823,15
DA:1824,37
DA:1826,29
DA:1827,28
DA:1828,8
DA:1829,9
DA:1830,13
DA:1831,11
DA:1832,3
DA:1833,10
DA:1834,8
DA:1835,53
DA:1840,0
DA:1841,0
DA:1842,0
DA:1843,0
DA:1844,0
DA:1845,0
DA:1846,0
DA:1847,0
DA:1848,0
DA:1849,0
DA:1850,0
DA:1851,0
DA:1852,0
DA:1853,0
DA:1854,0
DA:1855,0
DA:1856,0
DA:1857,1
DA:1860,0
DA:1864,0
DA:1865,0
DA:1866,0
DA:1867,0
DA:1868,0
DA:1869,0
DA:1870,0
DA:1871,0
DA:1872,0
DA:1873,0
DA:1874,0
DA:1875,0
DA:1876,0
DA:1877,1
DA:1893,0
DA:1897,0
DA:1898,0
DA:1899,0
DA:1900,0
DA:1901,0
DA:1902,0
DA:1903,0
DA:1904,0
DA:1905,0
DA:1906,0
DA:1907,0
DA:1908,0
DA:1909,0
DA:1910,0
DA:1911,0
DA:1912,0
DA:1913,0
DA:1914,0
DA:1915,0
DA:1916,1
DA:1939,0
DA:1943,0
DA:1944,0
DA:1945,0
DA:1946,0
DA:1947,0
DA:1948,0
DA:1949,0
DA:1950,0
DA:1951,0
DA:1952,0
DA:1953,0
DA:1954,0
DA:1955,0
DA:1956,0
DA:1957,0
DA:1958,0
DA:1959,0
DA:1960,0
DA:1961,0
DA:1962,1
DA:1984,0
DA:1985,1
DA:2011,0
DA:2012,0
DA:2013,0
DA:2014,0
DA:2015,0
DA:2016,0
DA:2017,0
DA:2018,0
DA:2019,0
DA:2020,0
DA:2021,0
DA:2022,0
DA:2023,0
DA:2024,0
DA:2025,0
DA:2026,1
DA:2046,0
DA:2047,0
DA:2048,0
DA:2049,0
DA:2050,0
DA:2051,0
DA:2052,0
DA:2053,0
DA:2054,0
DA:2055,0
DA:2056,0
DA:2057,0
DA:2058,0
DA:2059,0
DA:2060,0
DA:2064,0
DA:2065,0
DA:2066,0
DA:2067,0
DA:2068,0
DA:2069,0
DA:2070,0
DA:2071,0
DA:2072,0
DA:2073,0
DA:2074,0
DA:2075,0
DA:2076,0
DA:2077,0
DA:2078,0
DA:2079,0
DA:2080,0
DA:2081,0
DA:2082,0
DA:2083,0
DA:2084,0
DA:2085,1
DA:2109,0
DA:2113,0
DA:2114,0
DA:2115,0
DA:2116,0
DA:2117,0
DA:2118,0
DA:2119,0
DA:2120,0
DA:2121,0
DA:2122,0
DA:2123,0
DA:2124,0
DA:2125,0
DA:2126,0
DA:2127,0
DA:2128,0
DA:2129,0
DA:2130,0
DA:2131,0
DA:2132,0
DA:2133,0
DA:2134,0
DA:2135,1
DA:2154,0
DA:2155,1
DA:2172,0
DA:2173,0
DA:2174,0
DA:2175,0
DA:2176,0
DA:2177,0
DA:2178,0
DA:2179,0
DA:2180,0
DA:2181,0
DA:2182,0
DA:2183,0
DA:2184,0
DA:2185,1
DA:2206,0
DA:2207,0
DA:2208,0
DA:2209,0
DA:2210,0
DA:2211,0
DA:2212,0
DA:2213,0
DA:2214,0
DA:2215,0
DA:2216,0
DA:2217,0
DA:2218,0
DA:2219,0
DA:2220,0
DA:2221,0
DA:2222,0
DA:2226,0
DA:2227,0
DA:2228,0
DA:2229,0
DA:2230,0
DA:2231,0
DA:2232,0
DA:2233,0
DA:2234,0
DA:2235,0
DA:2236,0
DA:2237,0
DA:2238,0
DA:2239,0
DA:2240,0
DA:2241,0
DA:2242,0
DA:2243,0
DA:2244,0
DA:2245,0
DA:2246,0
DA:2247,0
DA:2248,0
DA:2249,0
DA:2250,1
DA:2265,0
DA:2269,0
DA:2270,0
DA:2271,0
DA:2272,0
DA:2273,0
DA:2274,0
DA:2275,0
DA:2276,0
DA:2277,0
DA:2278,0
DA:2279,0
DA:2280,0
DA:2281,0
DA:2282,0
DA:2283,1
DA:2299,0
DA:2300,0
DA:2301,0
DA:2302,0
DA:2303,0
DA:2304,1
DA:2321,0
DA:2322,1
DA:2334,0
DA:2335,0
DA:2336,0
DA:2337,0
DA:2338,0
DA:2339,0
DA:2340,0
DA:2341,0
DA:2342,0
DA:2343,0
DA:2344,0
DA:2345,0
DA:2346,0
DA:2347,0
DA:2348,0
DA:2349,0
DA:2350,0
DA:2354,0
DA:2355,0
DA:2356,0
DA:2357,0
DA:2358,0
DA:2359,0
DA:2360,0
DA:2361,0
DA:2362,0
DA:2363,0
DA:2364,0
DA:2365,0
DA:2366,0
DA:2367,0
DA:2368,0
DA:2369,0
DA:2370,0
DA:2371,0
DA:2372,0
DA:2373,1
DA:2385,0
DA:2389,0
DA:2390,0
DA:2391,0
DA:2392,0
DA:2393,0
DA:2394,0
DA:2395,0
DA:2396,0
DA:2397,0
DA:2398,0
DA:2399,0
DA:2400,0
DA:2401,0
DA:2402,0
DA:2403,0
DA:2404,0
DA:2405,0
DA:2406,0
DA:2407,0
DA:2408,0
DA:2409,0
DA:2410,0
DA:2411,0
DA:2412,0
DA:2413,0
DA:2414,0
DA:2415,0
DA:2416,0
DA:2417,0
DA:2418,0
DA:2419,0
DA:2420,0
DA:2421,0
DA:2422,0
DA:2423,0
DA:2424,1
DA:2438,0
DA:2439,0
DA:2440,0
DA:2441,0
DA:2442,0
DA:2443,0
DA:2448,0
DA:2449,0
DA:2450,0
DA:2451,0
DA:2452,0
DA:2453,0
DA:2454,0
DA:2455,0
DA:2456,0
DA:2457,0
DA:2458,0
DA:2459,0
DA:2460,0
DA:2461,0
DA:2462,0
DA:2463,0
DA:2464,0
DA:2465,0
DA:2466,0
DA:2467,0
DA:2468,0
DA:2469,0
DA:2470,0
DA:2471,0
DA:2472,0
DA:2473,0
DA:2474,0
DA:2475,0
DA:2476,0
DA:2477,0
DA:2478,0
DA:2479,0
DA:2480,0
DA:2481,0
DA:2482,0
DA:2483,0
DA:2484,0
DA:2485,0
DA:2486,0
DA:2487,1
DA:2510,0
DA:2511,1
DA:2533,0
DA:2534,0
DA:2535,0
DA:2536,0
DA:2537,0
DA:2538,0
DA:2543,0
DA:2544,0
DA:2545,0
DA:2546,0
DA:2547,0
DA:2548,0
DA:2549,0
DA:2550,0
DA:2551,0
DA:2552,0
DA:2553,0
DA:2554,0
DA:2555,0
DA:2556,0
DA:2557,0
DA:2558,0
DA:2559,0
DA:2560,1
DA:2573,0
DA:2574,1
DA:2594,0
DA:2595,0
DA:2596,0
DA:2597,0
DA:2598,0
DA:2599,0
DA:2600,0
DA:2601,0
DA:2602,0
DA:2603,0
DA:2604,0
DA:2605,0
DA:2606,0
DA:2607,0
DA:2608,0
DA:2609,1
DA:2626,0
DA:2627,0
DA:2628,0
DA:2629,0
DA:2630,0
DA:2631,0
DA:2632,0
DA:2633,0
DA:2634,0
DA:2635,0
DA:2636,0
DA:2637,0
DA:2638,0
DA:2639,0
DA:2640,0
DA:2641,0
DA:2642,0
DA:2643,0
DA:2644,0
DA:2649,0
DA:2650,0
DA:2651,0
DA:2652,0
DA:2653,0
DA:2654,0
DA:2655,0
DA:2656,0
DA:2657,0
DA:2658,0
DA:2659,0
DA:2660,0
DA:2661,0
DA:2662,0
DA:2663,0
DA:2664,0
DA:2665,0
DA:2666,1
DA:2678,0
DA:2682,0
DA:2683,0
DA:2684,0
DA:2685,0
DA:2686,0
DA:2687,0
DA:2688,0
DA:2689,0
DA:2690,0
DA:2691,0
DA:2692,0
DA:2693,0
DA:2694,0
DA:2695,0
DA:2696,0
DA:2697,0
DA:2698,0
DA:2699,0
DA:2700,0
DA:2701,0
DA:2702,0
DA:2703,0
DA:2704,0
DA:2705,0
DA:2709,0
DA:2710,0
DA:2711,0
DA:2712,0
DA:2713,0
DA:2714,0
DA:2715,0
DA:2716,0
DA:2717,0
DA:2718,0
DA:2719,0
DA:2720,0
DA:2721,0
DA:2722,0
DA:2723,0
DA:2724,0
DA:2725,0
DA:2726,0
DA:2727,0
DA:2728,0
DA:2729,1
DA:2746,0
DA:2747,1
DA:2760,0
DA:2761,0
DA:2762,0
DA:2766,0
DA:2767,0
DA:2768,0
DA:2769,0
DA:2770,0
DA:2771,0
DA:2772,0
DA:2773,0
DA:2774,0
DA:2775,0
DA:2776,0
DA:2777,0
DA:2781,0
DA:2782,0
DA:2783,0
DA:2784,0
DA:2785,1
DA:2800,0
DA:2801,0
DA:2802,0
DA:2803,0
DA:2804,0
DA:2805,0
DA:2806,0
DA:2807,0
DA:2811,0
DA:2812,0
DA:2813,0
DA:2814,0
DA:2815,0
DA:2816,0
DA:2817,0
DA:2818,0
DA:2819,0
DA:2820,0
DA:2821,0
DA:2822,0
DA:2823,0
DA:2824,0
DA:2825,0
DA:2826,0
DA:2827,0
DA:2828,0
DA:2829,0
DA:2830,0
DA:2831,0
DA:2832,0
DA:2833,0
DA:2834,0
DA:2835,0
DA:2836,1
DA:2852,0
DA:2853,0
DA:2854,0
DA:2855,0
DA:2856,0
DA:2857,0
DA:2862,0
DA:2863,0
DA:2864,0
DA:2865,0
DA:2866,0
DA:2867,0
DA:2868,0
DA:2869,0
DA:2870,0
DA:2871,0
DA:2872,0
DA:2873,0
DA:2874,0
DA:2875,0
DA:2876,0
DA:2877,0
DA:2878,0
DA:2879,0
DA:2880,0
DA:2881,0
DA:2882,0
DA:2896,0
DA:2900,0
DA:2901,0
DA:2902,0
DA:2903,0
DA:2904,0
DA:2905,0
DA:2906,0
DA:2907,0
DA:2908,0
DA:2909,0
DA:2910,0
DA:2911,0
DA:2912,0
DA:2913,0
DA:2914,0
DA:2915,0
DA:2916,0
DA:2917,0
DA:2918,0
DA:2919,0
DA:2920,0
DA:2921,0
DA:2925,0
DA:2926,0
DA:2927,0
DA:2928,0
DA:2929,0
DA:2930,0
DA:2931,0
DA:2932,0
DA:2933,0
DA:2934,0
DA:2935,0
DA:2936,0
DA:2937,0
DA:2938,0
DA:2939,0
DA:2940,0
DA:2941,0
DA:2942,0
DA:2943,0
DA:2944,0
DA:2945,0
DA:2946,0
DA:2947,0
DA:2948,0
DA:2949,0
DA:2950,0
DA:2951,0
DA:2952,0
DA:2953,0
DA:2954,0
DA:2955,0
DA:2956,0
DA:2957,0
DA:2958,0
DA:2959,0
DA:2960,0
DA:2961,0
DA:2962,0
DA:2963,0
DA:2964,0
DA:2965,0
DA:2966,0
DA:2967,0
DA:2968,0
DA:2969,0
DA:2970,0
DA:2971,0
DA:2972,1
DA:2989,0
DA:2990,0
DA:2991,0
DA:2992,0
DA:2993,0
DA:2994,0
DA:2995,0
DA:2996,0
DA:2997,0
DA:2998,0
DA:2999,0
DA:3004,0
DA:3005,0
DA:3006,0
DA:3007,0
DA:3008,0
DA:3009,0
DA:3010,0
DA:3011,0
DA:3012,0
DA:3013,0
DA:3014,0
DA:3015,0
DA:3016,1
DA:3029,0
DA:3030,0
DA:3031,0
DA:3032,0
DA:3033,0
DA:3038,0
DA:3039,0
DA:3040,0
DA:3041,0
DA:3042,0
DA:3043,0
DA:3044,0
DA:3045,0
DA:3046,0
DA:3047,0
DA:3048,0
DA:3049,0
DA:3050,0
DA:3051,0
DA:3052,0
DA:3053,0
DA:3054,0
DA:3055,0
DA:3056,0
DA:3057,0
DA:3058,0
DA:3059,0
DA:3060,0
DA:3061,0
LF:1589
LH:426
end_of_record
TN:
SF:build/dev/javascript/gleam_stdlib/gleam/option.mjs
FNF:24
FNH:3
DA:1,6
DA:5,20
DA:6,28
DA:7,34
DA:10,39
DA:11,10
DA:12,12
DA:13,16
DA:15,1
DA:16,27
DA:17,29
DA:18,29
DA:20,40
DA:21,27
DA:22,28
DA:24,0
DA:25,0
DA:26,0
DA:27,0
DA:28,0
DA:29,0
DA:30,0
DA:31,0
DA:32,0
DA:33,0
DA:34,0
DA:35,0
DA:39,0
DA:43,0
DA:44,0
DA:45,0
DA:46,0
DA:47,0
DA:48,0
DA:49,0
DA:50,0
DA:51,0
DA:52,0
DA:53,0
DA:54,0
DA:55,0
DA:56,0
DA:57,0
DA:58,0
DA:59,0
DA:60,1
DA:78,0
DA:79,1
DA:95,0
DA:96,1
DA:112,0
DA:113,1
DA:129,0
DA:130,0
DA:131,0
DA:132,0
DA:133,0
DA:134,1
DA:151,17
DA:152,30
DA:153,22
DA:154,18
DA:155,11
DA:156,16
DA:173,27
DA:174,32
DA:175,22
DA:176,8
DA:177,0
DA:178,1
DA:195,0
DA:196,0
DA:197,0
DA:198,0
DA:199,0
DA:200,1
DA:221,0
DA:222,0
DA:223,0
DA:224,0
DA:225,0
DA:226,1
DA:247,0
DA:248,0
DA:249,0
DA:250,0
DA:251,0
DA:252,1
DA:285,0
DA:286,0
DA:287,0
DA:288,0
DA:289,0
DA:290,1
DA:315,0
DA:316,0
DA:317,0
DA:318,0
DA:319,1
DA:344,0
DA:345,0
DA:346,0
DA:347,0
DA:352,0
DA:353,0
DA:354,0
DA:355,0
DA:356,0
DA:357,0
DA:358,0
DA:359,0
DA:360,0
DA:361,0
DA:362,0
DA:363,0
DA:364,0
DA:365,0
DA:366,0
DA:367,0
DA:368,0
DA:369,0
DA:370,0
DA:371,1
DA:384,0
LF:124
LH:37
end_of_record
TN:
SF:build/dev/javascript/gleam_stdlib/gleam/order.mjs
FNF:13
FNH:0
DA:1,28
DA:3,38
DA:4,24
DA:5,26
DA:7,38
DA:8,24
DA:9,26
DA:11,38
DA:12,24
DA:13,26
DA:33,0
DA:34,0
DA:35,0
DA:36,0
DA:37,0
DA:38,0
DA:39,1
DA:60,0
DA:61,0
DA:62,0
DA:63,0
DA:64,0
DA:65,0
DA:66,1
DA:79,0
DA:80,0
DA:81,0
DA:82,0
DA:83,0
DA:84,0
DA:85,0
DA:86,0
DA:87,0
DA:88,0
DA:89,1
DA:106,0
DA:107,1
DA:127,0
DA:128,0
DA:129,0
DA:130,0
DA:131,0
DA:132,0
DA:133,1
DA:158,0
DA:159,0
DA:160,0
DA:161,0
DA:162,0
DA:163,0
LF:50
LH:15
end_of_record
TN:
SF:build/dev/javascript/gleam_stdlib/gleam/result.mjs
FNF:18
FNH:1
DA:1,90
DA:2,43
DA:17,0
DA:18,0
DA:19,0
DA:20,0
DA:21,1
DA:38,0
DA:39,0
DA:40,0
DA:41,0
DA:42,1
DA:63,0
DA:64,0
DA:65,0
DA:66,0
DA:67,0
DA:68,1
DA:89,0
DA:90,0
DA:91,0
DA:92,0
DA:93,0
DA:94,1
DA:115,0
DA:116,0
DA:117,0
DA:118,0
DA:119,0
DA:120,1
DA:152,0
DA:153,0
DA:154,0
DA:155,0
DA:156,0
DA:157,1
DA:175,27
DA:176,30
DA:177,22
DA:178,8
DA:179,11
DA:180,16
DA:198,0
DA:199,0
DA:200,0
DA:201,0
DA:202,0
DA:203,1
DA:221,0
DA:222,0
DA:223,0
DA:224,0
DA:225,0
DA:226,1
DA:251,0
DA:252,0
DA:253,0
DA:254,0
DA:255,1
DA:283,0
DA:284,0
DA:285,0
DA:286,0
DA:287,1
DA:306,0
DA:310,0
DA:311,0
DA:312,0
DA:313,0
DA:314,0
DA:315,0
DA:316,0
DA:317,0
DA:318,0
DA:319,0
DA:320,0
DA:321,0
DA:322,0
DA:323,0
DA:324,0
DA:325,0
DA:326,0
DA:327,0
DA:328,0
DA:329,0
DA:330,0
DA:331,0
DA:332,0
DA:333,1
DA:349,0
DA:350,1
DA:366,0
DA:367,0
DA:368,0
DA:369,0
DA:370,1
DA:387,0
DA:388,0
DA:389,0
DA:390,0
DA:391,1
DA:404,0
DA:405,1
DA:441,0
DA:442,0
DA:443,0
DA:444,0
DA:445,0
LF:108
LH:23
end_of_record
TN:
SF:build/dev/javascript/gleam_stdlib/gleam/string.mjs
FNF:29
FNH:2
DA:1,0
DA:2,0
DA:3,0
DA:4,16
DA:5,28
DA:6,61
DA:10,43
DA:11,47
DA:12,49
DA:13,45
DA:14,57
DA:15,26
DA:16,70
DA:20,38
DA:21,35
DA:22,26
DA:23,102
DA:30,28
DA:31,97
DA:33,56
DA:35,52
DA:39,210
DA:57,36
DA:59,37
DA:74,0
DA:75,1
DA:90,0
DA:91,0
DA:92,0
DA:93,0
DA:94,1
DA:110,0
DA:111,0
DA:112,0
DA:113,0
DA:114,1
DA:136,15
DA:137,18
DA:138,6
DA:139,0
DA:140,11
DA:141,29
DA:142,14
DA:143,20
DA:144,0
DA:145,1
DA:180,0
DA:181,0
DA:182,0
DA:183,0
DA:184,0
DA:185,0
DA:186,0
DA:187,0
DA:188,0
DA:189,0
DA:190,0
DA:191,0
DA:192,0
DA:193,0
DA:194,0
DA:195,1
DA:213,0
DA:214,0
DA:215,0
DA:216,0
DA:217,0
DA:218,1
DA:240,0
DA:244,0
DA:245,0
DA:246,0
DA:247,0
DA:248,0
DA:249,0
DA:250,0
DA:251,0
DA:252,0
DA:253,0
DA:254,0
DA:255,0
DA:256,1
DA:270,0
DA:274,0
DA:275,0
DA:276,0
DA:277,0
DA:278,0
DA:279,0
DA:280,0
DA:281,0
DA:282,0
DA:283,0
DA:284,0
DA:285,0
DA:286,0
DA:287,0
DA:288,0
DA:289,0
DA:290,0
DA:291,0
DA:292,0
DA:293,0
DA:294,0
DA:295,0
DA:296,1
DA:310,0
DA:311,0
DA:312,0
DA:313,0
DA:314,0
DA:319,0
DA:320,0
DA:321,0
DA:322,0
DA:323,0
DA:324,0
DA:325,0
DA:326,0
DA:327,0
DA:328,0
DA:329,0
DA:330,0
DA:331,0
DA:332,0
DA:333,1
DA:347,0
DA:348,0
DA:349,0
DA:350,0
DA:351,0
DA:352,0
DA:357,0
DA:358,0
DA:359,0
DA:360,0
DA:361,1
DA:381,0
DA:382,0
DA:383,0
DA:384,0
DA:385,0
DA:386,0
DA:387,0
DA:388,1
DA:409,0
DA:410,0
DA:411,0
DA:412,0
DA:413,0
DA:414,0
DA:415,0
DA:416,1
DA:434,0
DA:435,0
DA:436,0
DA:440,0
DA:441,0
DA:442,0
DA:443,0
DA:444,0
DA:445,0
DA:446,0
DA:447,0
DA:448,0
DA:449,0
DA:450,0
DA:451,0
DA:452,0
DA:453,1
DA:466,0
DA:467,0
DA:468,0
DA:469,0
DA:470,0
DA:471,0
DA:472,0
DA:477,0
DA:478,0
DA:479,0
DA:480,1
DA:509,0
DA:510,1
DA:518,0
DA:519,0
DA:520,0
DA:521,0
DA:522,0
DA:523,0
DA:524,0
DA:525,0
DA:526,0
DA:527,0
DA:528,0
DA:529,0
DA:530,0
DA:531,0
DA:532,1
DA:552,0
DA:553,0
DA:554,0
DA:555,0
DA:556,1
DA:575,0
DA:576,0
DA:577,0
DA:578,0
DA:579,0
DA:580,0
DA:581,1
DA:603,0
DA:604,0
DA:605,0
DA:606,0
DA:607,0
DA:608,0
DA:609,0
DA:610,0
DA:611,0
DA:612,0
DA:613,0
DA:614,0
DA:615,1
DA:629,0
DA:630,0
DA:631,0
DA:632,0
DA:633,0
DA:634,0
DA:635,0
DA:636,1
DA:665,15
DA:666,19
DA:667,34
DA:668,39
DA:682,0
DA:683,0
DA:684,0
DA:685,0
DA:686,0
DA:687,0
DA:688,0
DA:689,0
DA:690,0
DA:691,0
DA:692,0
LF:246
LH:52
end_of_record
TN:
SF:build/dev/javascript/gleam_stdlib/gleam/string_tree.mjs
FNF:9
FNH:0
DA:1,36
DA:2,43
DA:3,16
DA:4,24
DA:5,36
DA:7,26
DA:8,22
DA:9,49
DA:12,44
DA:14,37
DA:17,127
DA:30,32
DA:37,0
DA:38,1
DA:45,0
DA:46,1
DA:54,0
DA:55,1
DA:63,0
DA:64,1
DA:70,0
DA:71,0
DA:72,0
DA:73,1
DA:79,0
DA:80,0
DA:81,0
DA:82,0
DA:83,0
DA:84,1
DA:105,0
DA:106,1
DA:126,0
LF:33
LH:19
end_of_record
TN:
SF:build/dev/javascript/gleam_stdlib/gleam_stdlib.mjs
FNF:100
FNH:13
DA:1,458
DA:17,96
DA:18,40
DA:19,30
DA:20,38
DA:21,38
DA:22,78
DA:24,94
DA:25,138
DA:27,44
DA:29,42
DA:30,20
DA:33,0
DA:34,0
DA:35,0
DA:36,0
DA:37,31
DA:41,0
DA:42,0
DA:43,0
DA:44,0
DA:45,31
DA:49,0
DA:50,26
DA:53,0
DA:54,43
DA:57,56
DA:58,28
DA:59,28
DA:60,28
DA:61,28
DA:62,28
DA:63,28
DA:64,28
DA:65,28
DA:66,30
DA:67,32
DA:68,36
DA:69,36
DA:70,36
DA:71,36
DA:72,36
DA:73,36
DA:74,36
DA:75,36
DA:76,36
DA:77,36
DA:78,36
DA:79,36
DA:80,36
DA:81,36
DA:82,36
DA:83,36
DA:84,36
DA:85,36
DA:86,36
DA:87,36
DA:88,36
DA:89,36
DA:90,36
DA:91,36
DA:92,32
DA:93,4
DA:95,0
DA:96,0
DA:97,0
DA:98,0
DA:99,0
DA:100,0
DA:101,0
DA:102,0
DA:103,0
DA:104,0
DA:105,0
DA:106,28
DA:109,0
DA:110,48
DA:113,0
DA:114,41
DA:117,57
DA:118,42
DA:119,11
DA:120,5
DA:121,92
DA:122,37
DA:123,28
DA:124,65
DA:125,16
DA:126,9
DA:127,19
DA:128,12
DA:129,41
DA:133,0
DA:134,0
DA:135,0
DA:136,0
DA:137,0
DA:138,47
DA:142,51
DA:144,50
DA:145,87
DA:146,74
DA:147,105
DA:148,4
DA:151,0
DA:152,0
DA:153,0
DA:154,0
DA:155,0
DA:156,0
DA:157,0
DA:158,0
DA:159,0
DA:160,0
DA:161,0
DA:162,31
DA:166,0
DA:167,48
DA:170,0
DA:171,31
DA:174,0
DA:175,31
DA:178,49
DA:179,28
DA:182,0
DA:183,16
DA:186,0
DA:187,41
DA:190,0
DA:191,0
DA:192,0
DA:193,0
DA:194,0
DA:195,17
DA:198,0
DA:199,22
DA:202,0
DA:203,46
DA:206,0
DA:207,0
DA:208,0
DA:209,0
DA:210,0
DA:211,0
DA:212,0
DA:213,0
DA:214,0
DA:215,0
DA:216,0
DA:217,0
DA:218,0
DA:219,0
DA:220,0
DA:221,0
DA:222,0
DA:223,0
DA:224,0
DA:225,0
DA:226,0
DA:227,0
DA:228,0
DA:229,0
DA:230,0
DA:231,0
DA:232,0
DA:233,15
DA:237,0
DA:238,41
DA:240,0
DA:241,54
DA:244,0
DA:245,40
DA:248,0
DA:249,38
DA:252,0
DA:253,36
DA:256,0
DA:257,0
DA:258,0
DA:259,0
DA:260,0
DA:261,0
DA:262,0
DA:263,31
DA:267,60
DA:268,12
DA:269,14
DA:270,10
DA:271,14
DA:272,14
DA:273,14
DA:274,18
DA:275,22
DA:276,18
DA:277,22
DA:279,70
DA:280,56
DA:281,6
DA:282,128
DA:284,0
DA:285,47
DA:288,0
DA:289,45
DA:292,65
DA:293,82
DA:296,0
DA:297,28
DA:300,0
DA:301,29
DA:304,0
DA:305,0
DA:306,0
DA:307,0
DA:308,0
DA:309,0
DA:310,0
DA:311,0
DA:312,0
DA:313,0
DA:314,0
DA:315,0
DA:316,0
DA:317,0
DA:318,0
DA:319,0
DA:320,0
DA:321,0
DA:322,0
DA:323,0
DA:324,0
DA:325,0
DA:326,0
DA:327,0
DA:328,0
DA:329,0
DA:330,0
DA:331,0
DA:332,0
DA:333,0
DA:334,0
DA:335,31
DA:338,68
DA:339,82
DA:342,0
DA:343,21
DA:346,0
DA:347,23
DA:350,0
DA:351,39
DA:354,69
DA:356,70
DA:357,27
DA:358,5
DA:360,18
DA:361,124
DA:363,75
DA:364,111
DA:365,14
DA:368,56
DA:369,48
DA:370,38
DA:371,7
DA:372,51
DA:374,22
DA:375,55
DA:379,0
DA:380,0
DA:381,0
DA:382,0
DA:383,0
DA:384,0
DA:385,26
DA:389,0
DA:390,0
DA:391,0
DA:392,0
DA:393,0
DA:394,0
DA:395,28
DA:399,0
DA:400,0
DA:401,0
DA:402,0
DA:403,0
DA:404,0
DA:405,26
DA:409,0
DA:410,27
DA:413,0
DA:414,28
DA:417,0
DA:418,28
DA:421,0
DA:422,28
DA:425,0
DA:426,0
DA:427,0
DA:428,0
DA:429,0
DA:430,0
DA:431,0
DA:432,35
DA:435,0
DA:436,0
DA:437,0
DA:438,0
DA:439,0
DA:440,0
DA:441,0
DA:442,0
DA:443,0
DA:444,0
DA:445,0
DA:446,0
DA:447,32
DA:450,0
DA:451,0
DA:452,0
DA:453,0
DA:454,0
DA:455,0
DA:456,0
DA:457,0
DA:458,61
DA:461,0
DA:462,32
DA:465,0
DA:466,77
DA:469,0
DA:470,0
DA:471,0
DA:472,0
DA:473,12
DA:476,0
DA:477,29
DA:480,0
DA:481,42
DA:484,0
DA:485,63
DA:488,0
DA:489,0
DA:490,0
DA:491,0
DA:492,31
DA:496,0
DA:497,57
DA:500,0
DA:501,0
DA:502,0
DA:503,0
DA:504,0
DA:505,0
DA:506,0
DA:507,0
DA:508,0
DA:509,0
DA:510,0
DA:511,0
DA:512,0
DA:513,31
DA:517,52
DA:518,190
DA:519,184
DA:520,180
DA:521,128
DA:522,4
DA:524,38
DA:527,0
DA:528,0
DA:529,0
DA:530,0
DA:531,0
DA:532,0
DA:533,0
DA:534,0
DA:535,0
DA:536,0
DA:537,0
DA:538,0
DA:539,0
DA:540,0
DA:541,0
DA:542,0
DA:543,0
DA:544,0
DA:545,0
DA:546,0
DA:547,0
DA:548,0
DA:549,0
DA:550,0
DA:551,0
DA:552,0
DA:553,0
DA:554,0
DA:555,0
DA:556,0
DA:557,0
DA:558,0
DA:559,0
DA:560,17
DA:564,0
DA:565,0
DA:566,0
DA:567,0
DA:568,0
DA:569,0
DA:570,0
DA:571,0
DA:572,0
DA:573,0
DA:574,31
DA:578,0
DA:579,0
DA:580,0
DA:581,0
DA:582,0
DA:583,0
DA:584,0
DA:585,0
DA:586,0
DA:587,0
DA:588,0
DA:589,0
DA:590,0
DA:591,0
DA:592,0
DA:593,0
DA:594,0
DA:595,0
DA:596,0
DA:597,0
DA:598,0
DA:599,0
DA:600,0
DA:601,0
DA:602,0
DA:603,58
DA:607,0
DA:608,50
DA:656,56
DA:657,54
DA:658,46
DA:659,82
DA:660,82
DA:662,0
DA:663,0
DA:664,0
DA:665,0
DA:666,0
DA:667,78
DA:670,0
DA:671,0
DA:672,0
DA:673,0
DA:674,0
DA:675,78
DA:678,0
DA:679,0
DA:680,0
DA:681,0
DA:682,0
DA:683,78
DA:686,0
DA:687,0
DA:688,0
DA:689,0
DA:690,50
DA:693,0
DA:694,0
DA:695,0
DA:696,0
DA:697,0
DA:698,0
DA:699,0
DA:700,0
DA:701,0
DA:702,0
DA:703,0
DA:704,0
DA:705,0
DA:706,0
DA:707,0
DA:708,0
DA:709,0
DA:710,0
DA:711,0
DA:712,0
DA:713,24
DA:716,0
DA:717,0
DA:718,0
DA:719,0
DA:720,21
DA:723,41
DA:724,70
DA:727,0
DA:728,0
DA:729,0
DA:730,0
DA:731,0
DA:732,0
DA:733,0
DA:734,0
DA:735,0
DA:736,32
DA:741,21
DA:742,47
DA:744,25
DA:745,46
DA:746,63
DA:747,66
DA:748,69
DA:749,72
DA:750,102
DA:751,142
DA:752,83
DA:753,108
DA:754,97
DA:755,87
DA:756,105
DA:757,118
DA:758,60
DA:759,22
DA:760,47
DA:761,45
DA:762,46
DA:763,9
DA:765,126
DA:766,38
DA:767,9
DA:769,32
DA:770,50
DA:771,63
DA:772,49
DA:773,28
DA:774,84
DA:775,68
DA:776,37
DA:777,28
DA:778,36
DA:779,73
DA:780,14
DA:781,40
DA:783,62
DA:784,35
DA:787,0
DA:788,0
DA:789,0
DA:790,0
DA:791,0
DA:792,0
DA:793,0
DA:794,0
DA:795,38
DA:798,0
DA:799,0
DA:800,0
DA:801,0
DA:802,0
DA:803,0
DA:804,0
DA:805,0
DA:806,0
DA:807,0
DA:808,25
DA:811,39
DA:812,68
DA:813,43
DA:814,96
DA:815,124
DA:816,4
DA:817,30
DA:818,29
DA:819,81
DA:820,53
DA:823,0
DA:824,0
DA:825,0
DA:826,0
DA:827,0
DA:828,0
DA:829,0
DA:830,0
DA:831,0
DA:832,0
DA:833,0
DA:834,0
DA:835,0
DA:836,0
DA:837,0
DA:838,0
DA:839,0
DA:840,0
DA:841,0
DA:842,0
DA:843,0
DA:844,0
DA:845,0
DA:846,0
DA:847,0
DA:848,0
DA:849,0
DA:850,0
DA:851,0
DA:852,0
DA:853,33
DA:857,29
DA:858,44
DA:859,85
DA:860,52
DA:861,50
DA:862,13
DA:863,27
DA:864,19
DA:865,15
DA:866,27
DA:867,19
DA:868,15
DA:869,27
DA:870,19
DA:871,15
DA:872,27
DA:873,19
DA:874,15
DA:875,28
DA:876,19
DA:877,14
DA:878,28
DA:879,50
DA:881,106
DA:882,11
DA:883,9
DA:884,65
DA:885,14
DA:886,39
DA:887,74
DA:890,9
DA:891,38
DA:892,35
DA:895,0
DA:896,72
DA:899,0
DA:900,0
DA:901,0
DA:902,0
DA:903,0
DA:904,0
DA:905,0
DA:906,0
DA:907,0
DA:908,0
DA:909,0
DA:910,0
DA:911,0
DA:912,0
DA:913,0
DA:914,0
DA:915,0
DA:916,0
DA:917,0
DA:918,0
DA:919,0
DA:920,16
DA:922,2
DA:924,0
DA:925,0
DA:926,0
DA:927,0
DA:928,0
DA:929,0
DA:930,0
DA:931,0
DA:932,0
DA:933,0
DA:934,0
DA:935,0
DA:936,0
DA:937,0
DA:938,0
DA:939,0
DA:940,17
DA:943,0
DA:944,0
DA:945,0
DA:946,0
DA:947,0
DA:948,0
DA:949,0
DA:950,0
DA:951,41
DA:954,0
DA:955,0
DA:956,0
DA:957,0
DA:958,60
DA:961,0
DA:962,0
DA:963,0
DA:964,0
DA:965,0
DA:966,0
DA:967,0
DA:968,0
DA:969,0
DA:970,0
DA:971,0
DA:972,0
DA:973,0
DA:974,0
DA:975,0
DA:976,0
DA:977,0
DA:978,0
DA:979,0
DA:980,0
DA:981,0
DA:982,0
DA:983,0
DA:984,0
DA:985,15
DA:988,0
DA:989,0
DA:990,0
DA:991,0
DA:992,0
DA:993,0
DA:994,22
DA:997,0
DA:998,22
DA:1001,0
DA:1002,0
DA:1003,0
DA:1004,0
DA:1005,0
DA:1006,0
DA:1007,0
DA:1008,16
DA:1011,0
DA:1012,0
DA:1013,0
DA:1014,0
DA:1015,0
DA:1016,0
DA:1017,0
DA:1018,0
DA:1019,0
DA:1020,0
DA:1021,0
DA:1022,0
DA:1023,0
DA:1024,0
DA:1025,0
DA:1026,0
DA:1027,0
DA:1028,0
DA:1029,0
DA:1030,0
DA:1031,0
DA:1032,0
DA:1033,0
DA:1034,0
DA:1035,0
DA:1036,0
DA:1037,0
DA:1038,0
DA:1039,0
DA:1040,0
DA:1041,0
DA:1042,0
DA:1043,0
DA:1044,0
DA:1045,0
DA:1046,0
DA:1047,58
DA:1050,0
DA:1051,0
DA:1052,0
DA:1053,0
DA:1054,0
DA:1055,0
DA:1056,0
DA:1057,0
DA:1058,0
DA:1059,0
DA:1060,0
DA:1061,0
DA:1062,0
DA:1063,0
DA:1064,0
DA:1065,0
DA:1066,0
DA:1067,0
DA:1068,0
DA:1069,0
DA:1070,44
DA:1073,0
DA:1074,0
DA:1075,0
DA:1076,0
DA:1077,0
DA:1078,0
DA:1079,0
DA:1080,0
DA:1081,0
DA:1082,0
DA:1083,0
DA:1084,0
DA:1085,0
DA:1086,0
DA:1087,0
DA:1088,0
DA:1089,0
DA:1090,31
DA:1093,0
DA:1094,0
DA:1095,0
DA:1096,53
DA:1099,0
DA:1100,0
DA:1101,26
DA:1104,0
DA:1105,0
DA:1106,26
DA:1109,0
DA:1110,0
DA:1111,27
DA:1114,0
DA:1115,45
DA:1118,0
DA:1119,0
DA:1120,0
DA:1121,0
DA:1122,0
DA:1123,0
DA:1124,14
DA:1127,34
DA:1128,103
DA:1131,0
DA:1132,51
LF:840
LH:289
end_of_record
TN:
SF:build/dev/javascript/prelude.mjs
FNF:82
FNH:46
DA:1,0
DA:2,0
DA:3,0
DA:4,0
DA:5,0
DA:6,48
DA:8,2
DA:10,53
DA:11,47
DA:12,60
DA:13,99
DA:14,68
DA:15,9
DA:16,24
DA:19,32
DA:20,65
DA:23,23
DA:24,39
DA:27,0
DA:28,0
DA:29,0
DA:30,35
DA:33,0
DA:34,0
DA:35,0
DA:36,56
DA:39,0
DA:40,0
DA:41,0
DA:42,0
DA:43,0
DA:44,0
DA:45,0
DA:46,23
DA:48,2
DA:50,65
DA:51,72
DA:54,66
DA:55,78
DA:58,42
DA:59,21
DA:61,41
DA:62,56
DA:65,20
DA:66,85
DA:67,47
DA:68,27
DA:69,82
DA:70,54
DA:71,81
DA:74,2
DA:76,68
DA:77,68
DA:78,122
DA:80,73
DA:81,47
DA:82,24
DA:83,42
DA:84,41
DA:86,2
DA:87,99
DA:88,134
DA:90,92
DA:91,90
DA:96,48
DA:102,20
DA:110,22
DA:121,24
DA:134,23
DA:150,79
DA:151,80
DA:152,23
DA:153,52
DA:154,6
DA:155,9
DA:157,96
DA:158,110
DA:159,72
DA:162,50
DA:163,76
DA:164,9
DA:167,98
DA:168,23
DA:169,51
DA:170,6
DA:171,9
DA:174,156
DA:175,64
DA:176,9
DA:178,56
DA:191,32
DA:192,88
DA:193,11
DA:194,9
DA:196,127
DA:199,0
DA:200,0
DA:201,0
DA:202,0
DA:203,0
DA:204,0
DA:205,0
DA:206,0
DA:207,0
DA:208,0
DA:209,0
DA:210,0
DA:211,0
DA:212,0
DA:213,0
DA:214,0
DA:215,0
DA:216,0
DA:217,0
DA:218,0
DA:219,0
DA:220,0
DA:221,0
DA:222,0
DA:223,0
DA:224,0
DA:225,0
DA:226,0
DA:227,0
DA:228,0
DA:229,0
DA:230,0
DA:231,0
DA:232,0
DA:233,0
DA:234,0
DA:235,0
DA:236,0
DA:237,0
DA:238,0
DA:239,0
DA:240,0
DA:241,0
DA:242,0
DA:243,0
DA:244,0
DA:245,0
DA:246,0
DA:247,0
DA:248,0
DA:249,0
DA:250,0
DA:251,0
DA:252,0
DA:253,0
DA:254,0
DA:255,0
DA:256,0
DA:257,0
DA:258,0
DA:259,22
DA:269,22
DA:270,64
DA:271,20
DA:272,106
DA:273,12
DA:275,110
DA:276,27
DA:277,55
DA:278,6
DA:279,9
DA:281,0
DA:282,0
DA:283,0
DA:284,0
DA:285,0
DA:286,0
DA:287,0
DA:288,0
DA:289,0
DA:290,0
DA:291,0
DA:292,0
DA:293,0
DA:294,0
DA:295,0
DA:296,0
DA:297,0
DA:298,0
DA:299,0
DA:300,0
DA:301,0
DA:302,0
DA:303,34
DA:305,2
DA:307,0
DA:308,43
DA:319,82
DA:320,51
DA:321,53
DA:322,12
DA:323,47
DA:324,49
DA:326,19
DA:330,55
DA:331,0
DA:332,24
DA:334,2
DA:336,93
DA:337,77
DA:338,103
DA:339,15
DA:340,5
DA:342,26
DA:343,158
DA:344,8
DA:346,102
DA:360,85
DA:361,54
DA:363,92
DA:366,47
DA:367,73
DA:368,5
DA:371,99
DA:372,33
DA:373,5
DA:375,60
DA:376,56
DA:378,94
DA:379,98
DA:380,102
DA:385,26
DA:386,152
DA:387,30
DA:388,23
DA:389,48
DA:390,54
DA:391,96
DA:392,20
DA:393,13
DA:396,106
DA:412,118
DA:413,92
DA:415,64
DA:418,128
DA:419,12
DA:420,62
DA:421,21
DA:422,34
DA:423,5
DA:425,60
DA:427,90
DA:431,57
DA:432,52
DA:433,54
DA:434,82
DA:435,12
DA:437,57
DA:438,83
DA:439,36
DA:440,44
DA:441,36
DA:442,61
DA:443,3
DA:444,3
DA:447,53
DA:448,43
DA:449,50
DA:450,33
DA:451,20
DA:452,11
DA:453,14
DA:454,4
DA:455,3
DA:458,49
DA:459,27
DA:460,42
DA:461,34
DA:462,42
DA:463,12
DA:464,63
DA:479,40
DA:480,20
DA:481,14
DA:482,10
DA:483,26
DA:484,20
DA:485,6
DA:486,92
DA:488,42
DA:489,11
DA:490,5
DA:492,60
DA:493,56
DA:495,90
DA:496,82
DA:500,97
DA:501,54
DA:502,20
DA:503,22
DA:504,18
DA:505,26
DA:506,16
DA:507,5
DA:508,3
DA:510,27
DA:512,47
DA:513,49
DA:516,41
DA:517,34
DA:518,48
DA:520,13
DA:521,68
DA:525,21
DA:526,38
DA:527,31
DA:528,27
DA:529,5
DA:530,5
DA:532,15
DA:533,3
DA:538,21
DA:539,40
DA:540,20
DA:541,7
DA:542,5
DA:543,13
DA:544,8
DA:545,4
DA:546,12
DA:547,40
DA:548,20
DA:549,7
DA:550,5
DA:551,13
DA:552,8
DA:553,8
DA:573,58
DA:574,63
DA:575,73
DA:576,5
DA:578,63
DA:579,64
DA:582,72
DA:583,19
DA:584,9
DA:588,83
DA:589,61
DA:590,5
DA:592,48
DA:593,5
DA:597,36
DA:598,70
DA:599,73
DA:600,79
DA:601,66
DA:602,68
DA:603,96
DA:604,80
DA:605,68
DA:606,27
DA:607,40
DA:609,5
DA:613,63
DA:614,93
DA:615,5
DA:618,126
DA:623,34
DA:625,69
DA:626,98
DA:628,79
DA:629,121
DA:630,100
DA:631,68
DA:635,108
DA:636,68
DA:637,55
DA:638,58
DA:639,56
DA:640,13
DA:641,16
DA:642,20
DA:643,19
DA:644,17
DA:645,17
DA:646,17
DA:648,96
DA:649,67
DA:650,80
DA:651,78
DA:652,16
DA:653,71
DA:655,27
DA:656,67
DA:657,74
DA:658,36
DA:659,16
DA:660,74
DA:663,4
DA:665,0
DA:666,0
DA:667,0
DA:668,0
DA:669,0
DA:670,0
DA:671,0
DA:672,0
DA:673,0
DA:674,0
DA:675,0
DA:676,0
DA:677,0
DA:678,0
DA:679,0
DA:680,0
DA:681,0
DA:682,0
DA:683,0
DA:684,0
DA:685,0
DA:686,0
DA:687,0
DA:688,0
DA:689,0
DA:690,0
DA:691,0
DA:692,0
DA:693,0
DA:694,0
DA:695,0
DA:696,0
DA:697,0
DA:698,0
DA:699,0
DA:700,0
DA:701,0
DA:702,0
DA:703,0
DA:704,0
DA:705,8
DA:708,76
DA:720,90
DA:721,98
DA:722,90
DA:723,34
DA:724,5
DA:726,38
DA:727,46
DA:728,5
DA:730,84
DA:732,86
DA:734,41
DA:735,84
DA:736,12
DA:737,47
DA:740,30
DA:753,88
DA:754,34
DA:755,24
DA:756,5
DA:760,36
DA:761,33
DA:762,5
DA:766,32
DA:767,23
DA:768,53
DA:769,5
DA:772,120
DA:776,74
DA:779,96
DA:785,41
DA:786,47
DA:787,64
DA:790,54
DA:791,53
DA:792,34
DA:793,13
DA:795,55
DA:796,52
DA:797,36
DA:798,9
DA:799,14
DA:800,16
DA:802,50
DA:803,40
DA:804,26
DA:805,18
DA:806,7
DA:809,32
DA:810,43
DA:811,10
DA:813,23
DA:814,118
DA:815,110
DA:817,66
DA:819,47
DA:820,64
DA:823,54
DA:824,61
DA:825,40
DA:826,13
DA:828,55
DA:829,74
DA:830,44
DA:831,9
DA:832,14
DA:833,16
DA:835,50
DA:836,40
DA:837,37
DA:838,22
DA:839,7
DA:842,32
DA:843,57
DA:844,15
DA:850,50
DA:851,36
DA:852,5
DA:854,29
DA:867,125
DA:868,62
DA:870,47
DA:871,76
DA:872,40
DA:873,14
DA:874,10
DA:875,26
DA:876,16
DA:877,5
DA:878,23
DA:879,76
DA:880,40
DA:881,14
DA:882,10
DA:883,26
DA:884,16
DA:885,8
DA:900,40
DA:901,16
DA:902,14
DA:903,10
DA:904,26
DA:905,20
DA:906,6
DA:907,62
DA:909,32
DA:912,43
DA:913,79
DA:914,38
DA:915,46
DA:916,5
DA:917,12
DA:918,45
DA:919,19
DA:920,23
DA:921,8
DA:926,32
DA:927,44
DA:928,29
DA:929,25
DA:930,3
DA:931,5
DA:933,27
DA:947,40
DA:948,16
DA:949,14
DA:950,10
DA:951,26
DA:952,20
DA:953,6
DA:954,62
DA:956,34
DA:959,43
DA:960,79
DA:961,40
DA:962,62
DA:963,5
DA:964,12
DA:965,45
DA:966,20
DA:967,31
DA:968,8
DA:973,32
DA:974,51
DA:975,29
DA:976,26
DA:977,3
DA:978,5
DA:982,43
DA:999,0
DA:1000,0
DA:1001,0
DA:1002,0
DA:1003,0
DA:1004,0
DA:1005,0
DA:1006,0
DA:1007,0
DA:1008,0
DA:1009,0
DA:1010,0
DA:1011,0
DA:1012,0
DA:1013,0
DA:1014,0
DA:1015,0
DA:1016,0
DA:1017,0
DA:1018,0
DA:1019,0
DA:1020,0
DA:1021,0
DA:1022,0
DA:1023,0
DA:1024,0
DA:1025,0
DA:1026,0
DA:1027,0
DA:1028,0
DA:1029,0
DA:1030,0
DA:1031,0
DA:1032,0
DA:1033,0
DA:1034,0
DA:1035,0
DA:1036,0
DA:1037,0
DA:1038,0
DA:1039,0
DA:1040,0
DA:1041,0
DA:1042,0
DA:1043,0
DA:1044,0
DA:1045,0
DA:1046,0
DA:1047,0
DA:1048,0
DA:1049,0
DA:1050,0
DA:1051,0
DA:1052,0
DA:1053,0
DA:1054,0
DA:1055,0
DA:1056,0
DA:1057,0
DA:1058,0
DA:1059,0
DA:1060,0
DA:1061,0
DA:1062,0
DA:1063,0
DA:1064,0
DA:1065,0
DA:1066,0
DA:1067,0
DA:1068,0
DA:1069,0
DA:1070,0
DA:1071,0
DA:1072,0
DA:1073,0
DA:1074,0
DA:1075,0
DA:1076,0
DA:1077,0
DA:1078,0
DA:1079,0
DA:1080,0
DA:1081,0
DA:1082,0
DA:1083,0
DA:1084,0
DA:1085,0
DA:1086,0
DA:1087,0
DA:1088,0
DA:1089,0
DA:1090,0
DA:1091,0
DA:1092,0
DA:1093,0
DA:1094,0
DA:1095,0
DA:1096,0
DA:1097,0
DA:1098,0
DA:1099,0
DA:1100,0
DA:1101,0
DA:1102,0
DA:1103,0
DA:1104,15
DA:1121,0
DA:1122,0
DA:1123,0
DA:1124,0
DA:1125,0
DA:1126,0
DA:1127,0
DA:1128,0
DA:1129,0
DA:1130,0
DA:1131,0
DA:1132,0
DA:1133,0
DA:1134,0
DA:1135,0
DA:1136,0
DA:1137,0
DA:1138,0
DA:1139,0
DA:1140,0
DA:1141,0
DA:1142,0
DA:1143,0
DA:1144,0
DA:1145,0
DA:1146,0
DA:1147,0
DA:1148,0
DA:1149,0
DA:1150,0
DA:1151,0
DA:1152,0
DA:1153,0
DA:1154,0
DA:1155,0
DA:1156,0
DA:1157,0
DA:1158,0
DA:1159,0
DA:1160,0
DA:1161,0
DA:1162,0
DA:1163,0
DA:1164,0
DA:1165,0
DA:1166,0
DA:1167,0
DA:1168,0
DA:1169,0
DA:1170,0
DA:1171,0
DA:1172,0
DA:1173,0
DA:1174,0
DA:1175,0
DA:1176,0
DA:1177,0
DA:1178,0
DA:1179,0
DA:1180,0
DA:1181,0
DA:1182,0
DA:1183,0
DA:1184,0
DA:1185,0
DA:1186,0
DA:1187,0
DA:1188,0
DA:1189,0
DA:1190,0
DA:1191,0
DA:1192,0
DA:1193,0
DA:1194,0
DA:1195,0
DA:1196,0
DA:1197,0
DA:1198,0
DA:1199,0
DA:1200,0
DA:1201,0
DA:1202,0
DA:1203,0
DA:1204,0
DA:1205,0
DA:1206,0
DA:1207,0
DA:1208,0
DA:1209,0
DA:1210,0
DA:1211,0
DA:1212,0
DA:1213,0
DA:1214,0
DA:1215,0
DA:1216,0
DA:1217,0
DA:1218,0
DA:1219,0
DA:1220,0
DA:1221,0
DA:1222,0
DA:1223,0
DA:1224,0
DA:1225,0
DA:1226,0
DA:1227,0
DA:1228,23
DA:1237,0
DA:1238,0
DA:1239,0
DA:1240,0
DA:1241,0
DA:1242,0
DA:1243,0
DA:1244,0
DA:1245,0
DA:1246,0
DA:1247,0
DA:1248,0
DA:1249,0
DA:1250,0
DA:1251,22
DA:1261,0
DA:1262,0
DA:1263,0
DA:1264,0
DA:1265,0
DA:1266,0
DA:1267,0
DA:1268,0
DA:1269,0
DA:1270,0
DA:1271,0
DA:1272,0
DA:1273,0
DA:1274,0
DA:1275,0
DA:1276,0
DA:1277,0
DA:1278,0
DA:1279,0
DA:1280,0
DA:1281,0
DA:1282,0
DA:1283,0
DA:1284,0
DA:1285,0
DA:1286,0
DA:1287,0
DA:1288,0
DA:1289,0
DA:1290,0
DA:1291,0
DA:1292,0
DA:1293,0
DA:1294,0
DA:1295,0
DA:1296,0
DA:1297,0
DA:1298,0
DA:1299,0
DA:1300,0
DA:1301,0
DA:1302,16
DA:1313,81
DA:1314,8
DA:1315,26
DA:1316,56
DA:1317,30
DA:1318,47
DA:1319,5
DA:1320,12
DA:1321,71
DA:1322,23
DA:1323,34
DA:1324,5
DA:1328,32
DA:1336,54
DA:1337,68
DA:1338,70
DA:1347,0
DA:1348,60
DA:1358,0
DA:1359,0
DA:1360,0
DA:1361,0
DA:1362,0
DA:1363,0
DA:1364,0
DA:1365,0
DA:1366,33
DA:1376,0
DA:1377,76
DA:1387,0
DA:1388,0
DA:1389,0
DA:1390,0
DA:1391,0
DA:1392,0
DA:1393,0
DA:1394,0
DA:1395,0
DA:1396,0
DA:1397,0
DA:1398,0
DA:1399,0
DA:1400,0
DA:1401,0
DA:1402,0
DA:1403,54
DA:1413,0
DA:1414,76
DA:1417,95
DA:1418,0
DA:1419,35
DA:1421,2
DA:1423,65
DA:1424,37
DA:1425,24
DA:1426,40
DA:1429,20
DA:1430,28
DA:1432,2
DA:1433,98
DA:1434,85
DA:1435,74
DA:1437,71
DA:1438,39
DA:1439,24
DA:1440,42
DA:1443,20
DA:1444,30
DA:1446,2
DA:1447,114
DA:1448,94
DA:1449,80
DA:1451,47
DA:1452,44
DA:1454,53
DA:1455,50
DA:1456,50
DA:1457,60
DA:1459,110
DA:1460,28
DA:1461,80
DA:1462,44
DA:1463,48
DA:1464,46
DA:1465,42
DA:1466,42
DA:1467,50
DA:1468,56
DA:1470,86
DA:1471,122
DA:1472,13
DA:1473,43
DA:1474,35
DA:1475,12
DA:1476,9
DA:1478,66
DA:1479,46
DA:1480,46
DA:1481,88
DA:1482,49
DA:1483,76
DA:1484,5
DA:1485,5
DA:1487,25
DA:1490,39
DA:1491,58
DA:1492,47
DA:1493,23
DA:1494,126
DA:1495,124
DA:1499,40
DA:1500,91
DA:1503,42
DA:1504,14
DA:1505,56
DA:1506,70
DA:1507,46
DA:1508,112
DA:1512,41
DA:1513,99
DA:1516,39
DA:1517,91
DA:1520,39
DA:1521,14
DA:1522,128
DA:1526,42
DA:1527,155
DA:1530,30
DA:1531,87
DA:1534,57
DA:1535,137
DA:1536,17
DA:1538,120
DA:1539,114
DA:1541,80
DA:1544,0
DA:1545,0
DA:1546,0
DA:1547,0
DA:1548,19
DA:1552,0
DA:1553,40
DA:1556,0
DA:1557,0
DA:1558,0
DA:1559,0
DA:1560,19
DA:1564,135
DA:1565,88
DA:1566,60
DA:1567,40
DA:1568,48
DA:1569,40
DA:1570,44
DA:1572,32
DA:1573,90
DA:1574,27
LF:1012
LH:566
end_of_record
